#! /usr/share/iverilog-0.9.7/bin/vvp
:ivl_version "0.9.7 " "(v0_9_6)";
:vpi_time_precision + 0;
:vpi_module "system";
:vpi_module "v2005_math";
:vpi_module "va_math";
S_0x2039190 .scope module, "test" "test" 2 3;
 .timescale 0 0;
v0x20c9290_0 .var "a0", 11 0;
v0x20c9310_0 .var "a1", 11 0;
v0x20c9390_0 .var "a2", 11 0;
v0x20c9410_0 .var "a3", 11 0;
v0x20c9490_0 .var "a4", 11 0;
v0x20c9510_0 .var "a5", 11 0;
v0x20c9590_0 .var "a6", 11 0;
v0x20c9610_0 .var "a7", 11 0;
v0x20c9690_0 .net/s "b0", 11 0, v0x20b8ba0_0; 1 drivers
v0x20c9710_0 .net/s "b1", 11 0, v0x20b8c20_0; 1 drivers
v0x20c9790_0 .net/s "b2", 11 0, v0x20b8a20_0; 1 drivers
v0x20c9860_0 .net/s "b3", 11 0, v0x20b8aa0_0; 1 drivers
v0x20c9930_0 .net/s "b4", 11 0, v0x20b8e10_0; 1 drivers
v0x20c9a00_0 .net/s "b5", 11 0, v0x20b8e90_0; 1 drivers
v0x20c9b50_0 .net/s "b6", 11 0, v0x20b8ca0_0; 1 drivers
v0x20c9c20_0 .net/s "b7", 11 0, v0x20b8d20_0; 1 drivers
v0x20c9a80_0 .var "clk", 0 0;
v0x20c9e10_0 .var "reset", 0 0;
v0x20c9ca0_0 .var "wr_1", 0 0;
v0x20c9f30_0 .var "wr_2", 0 0;
S_0x208ed00 .scope module, "uut" "Full_DCT" 2 8, 3 4, S_0x2039190;
 .timescale 0 0;
v0x20c7180_0 .var "R0", 11 0;
v0x20c7250_0 .var "R1", 11 0;
v0x20c7320_0 .var "R2", 11 0;
v0x20c73f0_0 .var "R3", 11 0;
v0x20c74c0_0 .var "R4", 11 0;
v0x20c7590_0 .var "R5", 11 0;
v0x20c7660_0 .var "R6", 11 0;
v0x20c7730_0 .var "R7", 11 0;
v0x20c7850_0 .net "a0", 11 0, v0x20c9290_0; 1 drivers
v0x20c7920_0 .net "a1", 11 0, v0x20c9310_0; 1 drivers
v0x20c79a0_0 .net "a2", 11 0, v0x20c9390_0; 1 drivers
v0x20c7a70_0 .net "a3", 11 0, v0x20c9410_0; 1 drivers
v0x20c7b40_0 .net "a4", 11 0, v0x20c9490_0; 1 drivers
v0x20c7c10_0 .net "a5", 11 0, v0x20c9510_0; 1 drivers
v0x20c7d60_0 .net "a6", 11 0, v0x20c9590_0; 1 drivers
v0x20c7e30_0 .net "a7", 11 0, v0x20c9610_0; 1 drivers
v0x20c7c90_0 .alias/s "b0", 11 0, v0x20c9690_0;
v0x20c7f90_0 .alias/s "b1", 11 0, v0x20c9710_0;
v0x20c7eb0_0 .alias/s "b2", 11 0, v0x20c9790_0;
v0x20c80b0_0 .alias/s "b3", 11 0, v0x20c9860_0;
v0x20c8010_0 .alias/s "b4", 11 0, v0x20c9930_0;
v0x20c81e0_0 .alias/s "b5", 11 0, v0x20c9a00_0;
v0x20c8130_0 .alias/s "b6", 11 0, v0x20c9b50_0;
v0x20c8320_0 .alias/s "b7", 11 0, v0x20c9c20_0;
v0x20c8260_0 .net "clk", 0 0, v0x20c9a80_0; 1 drivers
v0x20c8470_0 .var "dwr_1", 0 0;
v0x20c83a0_0 .net "m10", 11 0, v0x20bbc00_0; 1 drivers
v0x20c85d0_0 .net "m11", 11 0, v0x20bbc80_0; 1 drivers
v0x20c84f0_0 .net "m12", 11 0, v0x20bbd00_0; 1 drivers
v0x20c8740_0 .net "m13", 11 0, v0x20bbda0_0; 1 drivers
v0x20c8650_0 .net "m14", 11 0, v0x20bbec0_0; 1 drivers
v0x20c88c0_0 .net "m15", 11 0, v0x20bbf60_0; 1 drivers
v0x20c87c0_0 .net "m16", 11 0, v0x20bbe20_0; 1 drivers
v0x20c8840_0 .net "m17", 11 0, v0x20bc0b0_0; 1 drivers
v0x20c8a60_0 .net "r0", 11 0, v0x20c4600_0; 1 drivers
v0x20c8ae0_0 .net "r1", 11 0, v0x20c46b0_0; 1 drivers
v0x20c8940_0 .net "r2", 11 0, v0x20c44b0_0; 1 drivers
v0x20c8c90_0 .net "r3", 11 0, v0x20c4890_0; 1 drivers
v0x20c8b60_0 .net "r4", 11 0, v0x20c4730_0; 1 drivers
v0x20c8e50_0 .net "r5", 11 0, v0x20c47e0_0; 1 drivers
v0x20c8d10_0 .net "r6", 11 0, v0x20c4a90_0; 1 drivers
v0x20c9020_0 .net "r7", 11 0, v0x20c4b10_0; 1 drivers
v0x20c8ed0_0 .net "reset", 0 0, v0x20c9e10_0; 1 drivers
v0x20c8f50_0 .net "wr_1", 0 0, v0x20c9ca0_0; 1 drivers
v0x20c9210_0 .net "wr_2", 0 0, v0x20c9f30_0; 1 drivers
E_0x2077c10/0 .event edge, v0x20bc250_0, v0x20bbc00_0, v0x20bbc80_0, v0x20bbd00_0;
E_0x2077c10/1 .event edge, v0x20bbda0_0, v0x20bbec0_0, v0x20bbf60_0, v0x20bbe20_0;
E_0x2077c10/2 .event edge, v0x20bc0b0_0;
E_0x2077c10 .event/or E_0x2077c10/0, E_0x2077c10/1, E_0x2077c10/2;
S_0x20bc4c0 .scope module, "uut" "DCT" 3 9, 4 1, S_0x208ed00;
 .timescale 0 0;
v0x20c2af0_0 .net *"_s100", 23 0, L_0x20ccda0; 1 drivers
v0x20c2bb0_0 .net *"_s102", 11 0, L_0x20ccb80; 1 drivers
v0x20c2c50_0 .net *"_s104", 11 0, C4<000000000000>; 1 drivers
v0x20c2cf0_0 .net/s *"_s20", 23 0, L_0x20ca370; 1 drivers
v0x20c2da0_0 .net/s *"_s22", 23 0, L_0x20ca4b0; 1 drivers
v0x20c2e40_0 .net/s *"_s26", 23 0, L_0x20ca730; 1 drivers
v0x20c2ee0_0 .net/s *"_s28", 23 0, L_0x20ca870; 1 drivers
v0x20c2f80_0 .net/s *"_s32", 23 0, L_0x20cab40; 1 drivers
v0x20c3020_0 .net/s *"_s34", 23 0, L_0x20cac80; 1 drivers
v0x20c30c0_0 .net/s *"_s38", 23 0, L_0x20caeb0; 1 drivers
v0x20c3160_0 .net/s *"_s40", 23 0, L_0x20caff0; 1 drivers
v0x20c3200_0 .net *"_s44", 23 0, L_0x20cb3e0; 1 drivers
v0x20c32a0_0 .net *"_s46", 11 0, L_0x20cb2f0; 1 drivers
v0x20c3340_0 .net *"_s48", 11 0, C4<000000000000>; 1 drivers
v0x20c3460_0 .net *"_s52", 23 0, L_0x20cb830; 1 drivers
v0x20c3500_0 .net *"_s54", 11 0, L_0x20cb6a0; 1 drivers
v0x20c33c0_0 .net *"_s56", 11 0, C4<000000000000>; 1 drivers
v0x20c3650_0 .net *"_s60", 23 0, L_0x20cbac0; 1 drivers
v0x20c3770_0 .net *"_s62", 11 0, L_0x20cb790; 1 drivers
v0x20c37f0_0 .net *"_s64", 11 0, C4<000000000000>; 1 drivers
v0x20c36d0_0 .net *"_s68", 23 0, L_0x20cbed0; 1 drivers
v0x20c3920_0 .net *"_s70", 11 0, L_0x20cbd10; 1 drivers
v0x20c3870_0 .net *"_s72", 11 0, C4<000000000000>; 1 drivers
v0x20c3a60_0 .net *"_s76", 23 0, L_0x20cc220; 1 drivers
v0x20c39c0_0 .net *"_s78", 11 0, L_0x20cbe00; 1 drivers
v0x20c3bb0_0 .net *"_s80", 11 0, C4<000000000000>; 1 drivers
v0x20c3b00_0 .net *"_s84", 23 0, L_0x20cc360; 1 drivers
v0x20c3d10_0 .net *"_s86", 11 0, L_0x20cc4a0; 1 drivers
v0x20c3c50_0 .net *"_s88", 11 0, C4<000000000000>; 1 drivers
v0x20c3e80_0 .net *"_s92", 23 0, L_0x20cc920; 1 drivers
v0x20c3d90_0 .net *"_s94", 11 0, L_0x20cc590; 1 drivers
v0x20c4000_0 .net *"_s96", 11 0, C4<000000000000>; 1 drivers
v0x20c3f00_0 .alias/s "a0", 11 0, v0x20c7850_0;
v0x20c3f80_0 .alias/s "a1", 11 0, v0x20c7920_0;
v0x20c41a0_0 .alias/s "a2", 11 0, v0x20c79a0_0;
v0x20c4250_0 .alias/s "a3", 11 0, v0x20c7a70_0;
v0x20c40b0_0 .alias/s "a4", 11 0, v0x20c7b40_0;
v0x20c4400_0 .alias/s "a5", 11 0, v0x20c7c10_0;
v0x20c42d0_0 .alias/s "a6", 11 0, v0x20c7d60_0;
v0x20c4380_0 .alias/s "a7", 11 0, v0x20c7e30_0;
v0x20c4600_0 .var/s "b0", 11 0;
v0x20c46b0_0 .var/s "b1", 11 0;
v0x20c44b0_0 .var/s "b2", 11 0;
v0x20c4890_0 .var/s "b3", 11 0;
v0x20c4730_0 .var/s "b4", 11 0;
v0x20c47e0_0 .var/s "b5", 11 0;
v0x20c4a90_0 .var/s "b6", 11 0;
v0x20c4b10_0 .var/s "b7", 11 0;
v0x20c4940_0 .net "c1", 11 0, C4<011111011000>; 1 drivers
v0x20c4d20_0 .net "c2", 11 0, C4<011101100100>; 1 drivers
v0x20c4b90_0 .net "c3", 11 0, C4<011010100110>; 1 drivers
v0x20c4ca0_0 .net "c4", 11 0, C4<010110101000>; 1 drivers
v0x20c4f50_0 .net "c5", 11 0, C4<010001110001>; 1 drivers
v0x20c5060_0 .net "c6", 11 0, C4<001100001111>; 1 drivers
v0x20c4da0_0 .net "c7", 11 0, C4<000110001111>; 1 drivers
v0x20c4eb0_0 .alias "clk", 0 0, v0x20c8260_0;
v0x20c52b0_0 .net "count", 2 0, C4<000>; 1 drivers
v0x20c5330_0 .net/s "diff", 11 0, v0x20c0ea0_0; 1 drivers
v0x20c50e0_0 .net/s "f07", 11 0, v0x20c2910_0; 1 drivers
v0x20c5160_0 .net/s "f0734", 11 0, v0x20c1780_0; 1 drivers
v0x20c51e0_0 .net/s "f07_34", 11 0, v0x20c1690_0; 1 drivers
v0x20c55a0_0 .net/s "f0_7", 11 0, v0x20c27e0_0; 1 drivers
v0x20c53b0_0 .net/s "f16", 11 0, v0x20c24a0_0; 1 drivers
v0x20c5430_0 .net/s "f1625", 11 0, v0x20c1380_0; 1 drivers
v0x20c54b0_0 .net/s "f16_25", 11 0, v0x20c1290_0; 1 drivers
v0x20c5830_0 .net/s "f1_6", 11 0, v0x20c2370_0; 1 drivers
v0x20c5620_0 .net/s "f25", 11 0, v0x20c2030_0; 1 drivers
v0x20c56f0_0 .net/s "f2_5", 11 0, v0x20c1f00_0; 1 drivers
v0x20c5770_0 .net/s "f34", 11 0, v0x20c1bc0_0; 1 drivers
v0x20c5ae0_0 .net/s "f3_4", 11 0, v0x20c1a90_0; 1 drivers
v0x20c58b0_0 .net/s "m0", 23 0, v0x20c0b50_0; 1 drivers
v0x20c5930_0 .net/s "m1", 23 0, L_0x20ca5f0; 1 drivers
v0x20c59b0_0 .net/s "m10", 23 0, v0x20bfe10_0; 1 drivers
v0x20c5a30_0 .net/s "m11", 23 0, v0x20bfab0_0; 1 drivers
v0x20c5dc0_0 .net/s "m12", 23 0, v0x20bf790_0; 1 drivers
v0x20c5e40_0 .net/s "m13", 23 0, v0x20bf450_0; 1 drivers
v0x20c5b60_0 .net/s "m14", 23 0, v0x20bf120_0; 1 drivers
v0x20c5be0_0 .net/s "m15", 23 0, v0x20bee10_0; 1 drivers
v0x20c5c60_0 .net/s "m16", 23 0, v0x20bead0_0; 1 drivers
v0x20c5ce0_0 .net/s "m17", 23 0, v0x20be740_0; 1 drivers
v0x20c6150_0 .net/s "m18", 23 0, v0x20be3f0_0; 1 drivers
v0x20c61d0_0 .net/s "m19", 23 0, v0x20be090_0; 1 drivers
v0x20c5ec0_0 .net/s "m2", 23 0, L_0x20ca0f0; 1 drivers
v0x20c5f40_0 .net/s "m20", 23 0, v0x20bdd60_0; 1 drivers
v0x20c5fc0_0 .net/s "m21", 23 0, v0x20bda10_0; 1 drivers
v0x20c6070_0 .net/s "m22", 23 0, v0x20bd6d0_0; 1 drivers
v0x20c6510_0 .net/s "m23", 23 0, v0x20bd380_0; 1 drivers
v0x20c6590_0 .net/s "m24", 23 0, v0x20bd040_0; 1 drivers
v0x20c6250_0 .net/s "m25", 23 0, v0x20bcce0_0; 1 drivers
v0x20c6300_0 .net/s "m26", 23 0, v0x20bc9a0_0; 1 drivers
v0x20c63b0_0 .net/s "m27", 23 0, v0x20bc6a0_0; 1 drivers
v0x20c6460_0 .net/s "m3", 23 0, L_0x20ca9b0; 1 drivers
v0x20c6900_0 .net/s "m4", 23 0, v0x20c07f0_0; 1 drivers
v0x20c6980_0 .net/s "m5", 23 0, L_0x20cadc0; 1 drivers
v0x20c6610_0 .net/s "m6", 23 0, L_0x20ca230; 1 drivers
v0x20c6690_0 .net/s "m7", 23 0, L_0x20cb130; 1 drivers
v0x20c6710_0 .net/s "m8", 23 0, v0x20c04b0_0; 1 drivers
v0x20c67c0_0 .net/s "m9", 23 0, v0x20c0170_0; 1 drivers
v0x20c6870_0 .net/s "sum", 11 0, v0x20c0f70_0; 1 drivers
v0x20c6d20_0 .net/s "x0", 11 0, L_0x20cb5b0; 1 drivers
v0x20c6a00_0 .net/s "x1", 11 0, L_0x20cb8d0; 1 drivers
v0x20c6a80_0 .net/s "x2", 11 0, L_0x20cb9c0; 1 drivers
v0x20c6b00_0 .net/s "x3", 11 0, L_0x20cbfc0; 1 drivers
v0x20c6b80_0 .net/s "x4", 11 0, L_0x20cc0b0; 1 drivers
v0x20c6c00_0 .net/s "x5", 11 0, L_0x20cc6e0; 1 drivers
v0x20c6c80_0 .net/s "x6", 11 0, L_0x20cc7d0; 1 drivers
v0x20c7100_0 .net/s "x7", 11 0, L_0x20cce90; 1 drivers
L_0x20ca0f0 .arith/sum 24, v0x20c04b0_0, v0x20c0170_0;
L_0x20ca230 .arith/sub 24, v0x20bfe10_0, v0x20bfab0_0;
L_0x20ca370 .arith/sum 24, v0x20bf790_0, v0x20be740_0;
L_0x20ca4b0 .arith/sum 24, L_0x20ca370, v0x20bd6d0_0;
L_0x20ca5f0 .arith/sum 24, L_0x20ca4b0, v0x20bc6a0_0;
L_0x20ca730 .arith/sub 24, v0x20bf450_0, v0x20be090_0;
L_0x20ca870 .arith/sub 24, L_0x20ca730, v0x20bdd60_0;
L_0x20ca9b0 .arith/sub 24, L_0x20ca870, v0x20bc9a0_0;
L_0x20cab40 .arith/sub 24, v0x20bf120_0, v0x20bead0_0;
L_0x20cac80 .arith/sum 24, L_0x20cab40, v0x20bd380_0;
L_0x20cadc0 .arith/sum 24, L_0x20cac80, v0x20bcce0_0;
L_0x20caeb0 .arith/sub 24, v0x20bee10_0, v0x20be3f0_0;
L_0x20caff0 .arith/sum 24, L_0x20caeb0, v0x20bda10_0;
L_0x20cb130 .arith/sub 24, L_0x20caff0, v0x20bd040_0;
L_0x20cb2f0 .part v0x20c0b50_0, 12, 12;
L_0x20cb3e0 .concat [ 12 12 0 0], L_0x20cb2f0, C4<000000000000>;
L_0x20cb5b0 .part L_0x20cb3e0, 0, 12;
L_0x20cb6a0 .part L_0x20ca5f0, 12, 12;
L_0x20cb830 .concat [ 12 12 0 0], L_0x20cb6a0, C4<000000000000>;
L_0x20cb8d0 .part L_0x20cb830, 0, 12;
L_0x20cb790 .part L_0x20ca0f0, 12, 12;
L_0x20cbac0 .concat [ 12 12 0 0], L_0x20cb790, C4<000000000000>;
L_0x20cb9c0 .part L_0x20cbac0, 0, 12;
L_0x20cbd10 .part L_0x20ca9b0, 12, 12;
L_0x20cbed0 .concat [ 12 12 0 0], L_0x20cbd10, C4<000000000000>;
L_0x20cbfc0 .part L_0x20cbed0, 0, 12;
L_0x20cbe00 .part v0x20c07f0_0, 12, 12;
L_0x20cc220 .concat [ 12 12 0 0], L_0x20cbe00, C4<000000000000>;
L_0x20cc0b0 .part L_0x20cc220, 0, 12;
L_0x20cc4a0 .part L_0x20cadc0, 12, 12;
L_0x20cc360 .concat [ 12 12 0 0], L_0x20cc4a0, C4<000000000000>;
L_0x20cc6e0 .part L_0x20cc360, 0, 12;
L_0x20cc590 .part L_0x20ca230, 12, 12;
L_0x20cc920 .concat [ 12 12 0 0], L_0x20cc590, C4<000000000000>;
L_0x20cc7d0 .part L_0x20cc920, 0, 12;
L_0x20ccb80 .part L_0x20cb130, 12, 12;
L_0x20ccda0 .concat [ 12 12 0 0], L_0x20ccb80, C4<000000000000>;
L_0x20cce90 .part L_0x20ccda0, 0, 12;
S_0x20c2680 .scope module, "B1" "add_sub" 4 22, 4 94, S_0x20bc4c0;
 .timescale 0 0;
v0x20c27e0_0 .var "diff", 11 0;
v0x20c2910_0 .var "sum", 11 0;
v0x20c29c0_0 .alias "x", 11 0, v0x20c7850_0;
v0x20c2a40_0 .alias "y", 11 0, v0x20c7e30_0;
E_0x20c2770 .event edge, v0x20c2a40_0, v0x20c29c0_0;
S_0x20c2210 .scope module, "B2" "add_sub" 4 23, 4 94, S_0x20bc4c0;
 .timescale 0 0;
v0x20c2370_0 .var "diff", 11 0;
v0x20c24a0_0 .var "sum", 11 0;
v0x20c2550_0 .alias "x", 11 0, v0x20c7920_0;
v0x20c25d0_0 .alias "y", 11 0, v0x20c7d60_0;
E_0x20c2300 .event edge, v0x20c25d0_0, v0x20c2550_0;
S_0x20c1da0 .scope module, "B3" "add_sub" 4 24, 4 94, S_0x20bc4c0;
 .timescale 0 0;
v0x20c1f00_0 .var "diff", 11 0;
v0x20c2030_0 .var "sum", 11 0;
v0x20c20e0_0 .alias "x", 11 0, v0x20c79a0_0;
v0x20c2160_0 .alias "y", 11 0, v0x20c7c10_0;
E_0x20c1e90 .event edge, v0x20c2160_0, v0x20c20e0_0;
S_0x20c1930 .scope module, "B4" "add_sub" 4 25, 4 94, S_0x20bc4c0;
 .timescale 0 0;
v0x20c1a90_0 .var "diff", 11 0;
v0x20c1bc0_0 .var "sum", 11 0;
v0x20c1c70_0 .alias "x", 11 0, v0x20c7a70_0;
v0x20c1cf0_0 .alias "y", 11 0, v0x20c7b40_0;
E_0x20c1a20 .event edge, v0x20c1cf0_0, v0x20c1c70_0;
S_0x20c1530 .scope module, "B5" "add_sub" 4 27, 4 94, S_0x20bc4c0;
 .timescale 0 0;
v0x20c1690_0 .var "diff", 11 0;
v0x20c1780_0 .var "sum", 11 0;
v0x20c1800_0 .alias "x", 11 0, v0x20c50e0_0;
v0x20c1880_0 .alias "y", 11 0, v0x20c5770_0;
E_0x20c1620 .event edge, v0x20c1880_0, v0x20c1800_0;
S_0x20c1150 .scope module, "B6" "add_sub" 4 28, 4 94, S_0x20bc4c0;
 .timescale 0 0;
v0x20c1290_0 .var "diff", 11 0;
v0x20c1380_0 .var "sum", 11 0;
v0x20c1400_0 .alias "x", 11 0, v0x20c53b0_0;
v0x20c1480_0 .alias "y", 11 0, v0x20c5620_0;
E_0x20c1240 .event edge, v0x20c1480_0, v0x20c1400_0;
S_0x20c0d60 .scope module, "B7" "add_sub" 4 30, 4 94, S_0x20bc4c0;
 .timescale 0 0;
v0x20c0ea0_0 .var "diff", 11 0;
v0x20c0f70_0 .var "sum", 11 0;
v0x20c1020_0 .alias "x", 11 0, v0x20c5160_0;
v0x20c10a0_0 .alias "y", 11 0, v0x20c5430_0;
E_0x20c0e50 .event edge, v0x20c10a0_0, v0x20c1020_0;
S_0x20c09f0 .scope module, "M1" "multiplier" 4 32, 4 107, S_0x20bc4c0;
 .timescale 0 0;
v0x20c0b50_0 .var "out", 23 0;
v0x20c0c10_0 .alias/s "x", 11 0, v0x20c6870_0;
v0x20c0cb0_0 .alias/s "y", 11 0, v0x20c4ca0_0;
E_0x20c0ae0 .event edge, v0x20c0950_0, v0x20c0c10_0;
S_0x20c06d0 .scope module, "M2" "multiplier" 4 33, 4 107, S_0x20bc4c0;
 .timescale 0 0;
v0x20c07f0_0 .var "out", 23 0;
v0x20c08b0_0 .alias/s "x", 11 0, v0x20c5330_0;
v0x20c0950_0 .alias/s "y", 11 0, v0x20c4ca0_0;
E_0x20c07c0 .event edge, v0x20c0950_0, v0x20c08b0_0;
S_0x20c0390 .scope module, "M3" "multiplier" 4 35, 4 107, S_0x20bc4c0;
 .timescale 0 0;
v0x20c04b0_0 .var "out", 23 0;
v0x20c0570_0 .alias/s "x", 11 0, v0x20c51e0_0;
v0x20c0620_0 .alias/s "y", 11 0, v0x20c4d20_0;
E_0x20c0480 .event edge, v0x20bfc10_0, v0x20bfed0_0;
S_0x20c0010 .scope module, "M4" "multiplier" 4 36, 4 107, S_0x20bc4c0;
 .timescale 0 0;
v0x20c0170_0 .var "out", 23 0;
v0x20c0230_0 .alias/s "x", 11 0, v0x20c54b0_0;
v0x20c02e0_0 .alias/s "y", 11 0, v0x20c5060_0;
E_0x20c0100 .event edge, v0x20bff70_0, v0x20bfb70_0;
S_0x20bfcb0 .scope module, "M5" "multiplier" 4 39, 4 107, S_0x20bc4c0;
 .timescale 0 0;
v0x20bfe10_0 .var "out", 23 0;
v0x20bfed0_0 .alias/s "x", 11 0, v0x20c51e0_0;
v0x20bff70_0 .alias/s "y", 11 0, v0x20c5060_0;
E_0x20bfda0 .event edge, v0x20bff70_0, v0x20bfed0_0;
S_0x20bf950 .scope module, "M6" "multiplier" 4 40, 4 107, S_0x20bc4c0;
 .timescale 0 0;
v0x20bfab0_0 .var "out", 23 0;
v0x20bfb70_0 .alias/s "x", 11 0, v0x20c54b0_0;
v0x20bfc10_0 .alias/s "y", 11 0, v0x20c4d20_0;
E_0x20bfa40 .event edge, v0x20bfc10_0, v0x20bfb70_0;
S_0x20bf660 .scope module, "M7" "multiplier" 4 43, 4 107, S_0x20bc4c0;
 .timescale 0 0;
v0x20bf790_0 .var "out", 23 0;
v0x20bf850_0 .alias/s "x", 11 0, v0x20c55a0_0;
v0x20bf8d0_0 .alias/s "y", 11 0, v0x20c4940_0;
E_0x20bf260 .event edge, v0x20bd180_0, v0x20beed0_0;
S_0x20bf310 .scope module, "M8" "multiplier" 4 44, 4 107, S_0x20bc4c0;
 .timescale 0 0;
v0x20bf450_0 .var "out", 23 0;
v0x20bf510_0 .alias/s "x", 11 0, v0x20c55a0_0;
v0x20bf5e0_0 .alias/s "y", 11 0, v0x20c4b90_0;
E_0x20bf400 .event edge, v0x20bce70_0, v0x20beed0_0;
S_0x20beff0 .scope module, "M9" "multiplier" 4 45, 4 107, S_0x20bc4c0;
 .timescale 0 0;
v0x20bf120_0 .var "out", 23 0;
v0x20bf1e0_0 .alias/s "x", 11 0, v0x20c55a0_0;
v0x20bf290_0 .alias/s "y", 11 0, v0x20c4f50_0;
E_0x20be530 .event edge, v0x20bcb10_0, v0x20beed0_0;
S_0x20bece0 .scope module, "M10" "multiplier" 4 46, 4 107, S_0x20bc4c0;
 .timescale 0 0;
v0x20bee10_0 .var "out", 23 0;
v0x20beed0_0 .alias/s "x", 11 0, v0x20c55a0_0;
v0x20bef70_0 .alias/s "y", 11 0, v0x20c4da0_0;
E_0x20bdf20 .event edge, v0x20bc7a0_0, v0x20beed0_0;
S_0x20be9a0 .scope module, "M11" "multiplier" 4 48, 4 107, S_0x20bc4c0;
 .timescale 0 0;
v0x20bead0_0 .var "out", 23 0;
v0x20beb90_0 .alias/s "x", 11 0, v0x20c5830_0;
v0x20bec10_0 .alias/s "y", 11 0, v0x20c4940_0;
E_0x20bd810 .event edge, v0x20bd180_0, v0x20be150_0;
S_0x20be630 .scope module, "M12" "multiplier" 4 49, 4 107, S_0x20bc4c0;
 .timescale 0 0;
v0x20be740_0 .var "out", 23 0;
v0x20be800_0 .alias/s "x", 11 0, v0x20c5830_0;
v0x20be8d0_0 .alias/s "y", 11 0, v0x20c4b90_0;
E_0x20bd8c0 .event edge, v0x20bce70_0, v0x20be150_0;
S_0x20be2c0 .scope module, "M13" "multiplier" 4 50, 4 107, S_0x20bc4c0;
 .timescale 0 0;
v0x20be3f0_0 .var "out", 23 0;
v0x20be4b0_0 .alias/s "x", 11 0, v0x20c5830_0;
v0x20be560_0 .alias/s "y", 11 0, v0x20c4f50_0;
E_0x20bd560 .event edge, v0x20bcb10_0, v0x20be150_0;
S_0x20bdf50 .scope module, "M14" "multiplier" 4 51, 4 107, S_0x20bc4c0;
 .timescale 0 0;
v0x20be090_0 .var "out", 23 0;
v0x20be150_0 .alias/s "x", 11 0, v0x20c5830_0;
v0x20be1f0_0 .alias/s "y", 11 0, v0x20c4da0_0;
E_0x20be040 .event edge, v0x20bc7a0_0, v0x20be150_0;
S_0x20bdc20 .scope module, "M15" "multiplier" 4 53, 4 107, S_0x20bc4c0;
 .timescale 0 0;
v0x20bdd60_0 .var "out", 23 0;
v0x20bde20_0 .alias/s "x", 11 0, v0x20c56f0_0;
v0x20bdea0_0 .alias/s "y", 11 0, v0x20c4940_0;
E_0x20bdd10 .event edge, v0x20bd180_0, v0x20bd440_0;
S_0x20bd8f0 .scope module, "M16" "multiplier" 4 54, 4 107, S_0x20bc4c0;
 .timescale 0 0;
v0x20bda10_0 .var "out", 23 0;
v0x20bdad0_0 .alias/s "x", 11 0, v0x20c56f0_0;
v0x20bdba0_0 .alias/s "y", 11 0, v0x20c4b90_0;
E_0x20bd9e0 .event edge, v0x20bce70_0, v0x20bd440_0;
S_0x20bd590 .scope module, "M17" "multiplier" 4 55, 4 107, S_0x20bc4c0;
 .timescale 0 0;
v0x20bd6d0_0 .var "out", 23 0;
v0x20bd790_0 .alias/s "x", 11 0, v0x20c56f0_0;
v0x20bd840_0 .alias/s "y", 11 0, v0x20c4f50_0;
E_0x20bd680 .event edge, v0x20bcb10_0, v0x20bd440_0;
S_0x20bd220 .scope module, "M18" "multiplier" 4 56, 4 107, S_0x20bc4c0;
 .timescale 0 0;
v0x20bd380_0 .var "out", 23 0;
v0x20bd440_0 .alias/s "x", 11 0, v0x20c56f0_0;
v0x20bd4e0_0 .alias/s "y", 11 0, v0x20c4da0_0;
E_0x20bd310 .event edge, v0x20bc7a0_0, v0x20bd440_0;
S_0x20bcf10 .scope module, "M19" "multiplier" 4 58, 4 107, S_0x20bc4c0;
 .timescale 0 0;
v0x20bd040_0 .var "out", 23 0;
v0x20bd100_0 .alias/s "x", 11 0, v0x20c5ae0_0;
v0x20bd180_0 .alias/s "y", 11 0, v0x20c4940_0;
E_0x20bcae0 .event edge, v0x20bd180_0, v0x20bc720_0;
S_0x20bcbb0 .scope module, "M20" "multiplier" 4 59, 4 107, S_0x20bc4c0;
 .timescale 0 0;
v0x20bcce0_0 .var "out", 23 0;
v0x20bcda0_0 .alias/s "x", 11 0, v0x20c5ae0_0;
v0x20bce70_0 .alias/s "y", 11 0, v0x20c4b90_0;
E_0x20bc350 .event edge, v0x20bce70_0, v0x20bc720_0;
S_0x20bc840 .scope module, "M21" "multiplier" 4 60, 4 107, S_0x20bc4c0;
 .timescale 0 0;
v0x20bc9a0_0 .var "out", 23 0;
v0x20bca60_0 .alias/s "x", 11 0, v0x20c5ae0_0;
v0x20bcb10_0 .alias/s "y", 11 0, v0x20c4f50_0;
E_0x20bc930 .event edge, v0x20bcb10_0, v0x20bc720_0;
S_0x20bc5b0 .scope module, "M22" "multiplier" 4 61, 4 107, S_0x20bc4c0;
 .timescale 0 0;
v0x20bc6a0_0 .var "out", 23 0;
v0x20bc720_0 .alias/s "x", 11 0, v0x20c5ae0_0;
v0x20bc7a0_0 .alias/s "y", 11 0, v0x20c4da0_0;
E_0x20b8de0 .event edge, v0x20bc7a0_0, v0x20bc720_0;
S_0x20bb610 .scope module, "M1" "block_mem" 3 21, 5 1, S_0x208ed00;
 .timescale 0 0;
v0x20bb700_0 .alias "clk", 0 0, v0x20c8260_0;
v0x20bb780_0 .alias "in1", 11 0, v0x20c8a60_0;
v0x20bb800_0 .alias "in2", 11 0, v0x20c8ae0_0;
v0x20bb880_0 .alias "in3", 11 0, v0x20c8940_0;
v0x20bb900_0 .alias "in4", 11 0, v0x20c8c90_0;
v0x20bb980_0 .alias "in5", 11 0, v0x20c8b60_0;
v0x20bba00_0 .alias "in6", 11 0, v0x20c8e50_0;
v0x20bba80_0 .alias "in7", 11 0, v0x20c8d10_0;
v0x20bbb00_0 .alias "in8", 11 0, v0x20c9020_0;
v0x20bbb80 .array "mem_block", 0 63, 11 0;
v0x20bbc00_0 .var "out0", 11 0;
v0x20bbc80_0 .var "out1", 11 0;
v0x20bbd00_0 .var "out2", 11 0;
v0x20bbda0_0 .var "out3", 11 0;
v0x20bbec0_0 .var "out4", 11 0;
v0x20bbf60_0 .var "out5", 11 0;
v0x20bbe20_0 .var "out6", 11 0;
v0x20bc0b0_0 .var "out7", 11 0;
v0x20bc1d0_0 .alias "reset", 0 0, v0x20c8ed0_0;
v0x20bc250_0 .net "wr", 0 0, v0x20c8470_0; 1 drivers
v0x20bc130_0 .var "x", 2 0;
v0x20bc380_0 .var "y", 2 0;
S_0x2078190 .scope module, "uut1" "DCT" 3 50, 4 1, S_0x208ed00;
 .timescale 0 0;
v0x20b6f80_0 .net *"_s100", 23 0, L_0x20cfc20; 1 drivers
v0x20b7040_0 .net *"_s102", 11 0, L_0x20cfd00; 1 drivers
v0x20b70e0_0 .net *"_s104", 11 0, C4<000000000000>; 1 drivers
v0x20b7180_0 .net/s *"_s20", 23 0, L_0x20cd490; 1 drivers
v0x20b7230_0 .net/s *"_s22", 23 0, L_0x20cd5d0; 1 drivers
v0x20b72d0_0 .net/s *"_s26", 23 0, L_0x20cd850; 1 drivers
v0x20b73b0_0 .net/s *"_s28", 23 0, L_0x20cd9d0; 1 drivers
v0x20b7450_0 .net/s *"_s32", 23 0, L_0x20cdca0; 1 drivers
v0x20b74f0_0 .net/s *"_s34", 23 0, L_0x20cdde0; 1 drivers
v0x20b7590_0 .net/s *"_s38", 23 0, L_0x20ce010; 1 drivers
v0x20b7690_0 .net/s *"_s40", 23 0, L_0x20ce150; 1 drivers
v0x20b7730_0 .net *"_s44", 23 0, L_0x20ce4c0; 1 drivers
v0x20b7840_0 .net *"_s46", 11 0, L_0x20ce3d0; 1 drivers
v0x20b78e0_0 .net *"_s48", 11 0, C4<000000000000>; 1 drivers
v0x20b7a00_0 .net *"_s52", 23 0, L_0x20cd140; 1 drivers
v0x20b7aa0_0 .net *"_s54", 11 0, L_0x20ce780; 1 drivers
v0x20b7960_0 .net *"_s56", 11 0, C4<000000000000>; 1 drivers
v0x20b7bf0_0 .net *"_s60", 23 0, L_0x20cec30; 1 drivers
v0x20b7d10_0 .net *"_s62", 11 0, L_0x20ce870; 1 drivers
v0x20b7d90_0 .net *"_s64", 11 0, C4<000000000000>; 1 drivers
v0x20b7c70_0 .net *"_s68", 23 0, L_0x20ce910; 1 drivers
v0x20b7ec0_0 .net *"_s70", 11 0, L_0x20cee80; 1 drivers
v0x20b7e10_0 .net *"_s72", 11 0, C4<000000000000>; 1 drivers
v0x20b8000_0 .net *"_s76", 23 0, L_0x20cf3a0; 1 drivers
v0x20b7f60_0 .net *"_s78", 11 0, L_0x20cef70; 1 drivers
v0x20b8150_0 .net *"_s80", 11 0, C4<000000000000>; 1 drivers
v0x20b80a0_0 .net *"_s84", 23 0, L_0x20cf4e0; 1 drivers
v0x20b82b0_0 .net *"_s86", 11 0, L_0x20cf620; 1 drivers
v0x20b81f0_0 .net *"_s88", 11 0, C4<000000000000>; 1 drivers
v0x20b8420_0 .net *"_s92", 23 0, L_0x20cfaa0; 1 drivers
v0x20b8330_0 .net *"_s94", 11 0, L_0x20cf710; 1 drivers
v0x20b85a0_0 .net *"_s96", 11 0, C4<000000000000>; 1 drivers
v0x20b84a0_0 .net/s "a0", 11 0, v0x20c7180_0; 1 drivers
v0x20b8520_0 .net/s "a1", 11 0, v0x20c7250_0; 1 drivers
v0x20b8740_0 .net/s "a2", 11 0, v0x20c7320_0; 1 drivers
v0x20b87f0_0 .net/s "a3", 11 0, v0x20c73f0_0; 1 drivers
v0x20b8650_0 .net/s "a4", 11 0, v0x20c74c0_0; 1 drivers
v0x20b89a0_0 .net/s "a5", 11 0, v0x20c7590_0; 1 drivers
v0x20b8870_0 .net/s "a6", 11 0, v0x20c7660_0; 1 drivers
v0x20b8920_0 .net/s "a7", 11 0, v0x20c7730_0; 1 drivers
v0x20b8ba0_0 .var/s "b0", 11 0;
v0x20b8c20_0 .var/s "b1", 11 0;
v0x20b8a20_0 .var/s "b2", 11 0;
v0x20b8aa0_0 .var/s "b3", 11 0;
v0x20b8e10_0 .var/s "b4", 11 0;
v0x20b8e90_0 .var/s "b5", 11 0;
v0x20b8ca0_0 .var/s "b6", 11 0;
v0x20b8d20_0 .var/s "b7", 11 0;
v0x20b90a0_0 .net "c1", 11 0, C4<011111011000>; 1 drivers
v0x20b91b0_0 .net "c2", 11 0, C4<011101100100>; 1 drivers
v0x20b8f10_0 .net "c3", 11 0, C4<011010100110>; 1 drivers
v0x20b9020_0 .net "c4", 11 0, C4<010110101000>; 1 drivers
v0x20b93e0_0 .net "c5", 11 0, C4<010001110001>; 1 drivers
v0x20b94f0_0 .net "c6", 11 0, C4<001100001111>; 1 drivers
v0x20b9230_0 .net "c7", 11 0, C4<000110001111>; 1 drivers
v0x20b9340_0 .alias "clk", 0 0, v0x20c8260_0;
v0x20b9740_0 .net "count", 2 0, C4<000>; 1 drivers
v0x20b97c0_0 .net/s "diff", 11 0, v0x20b5330_0; 1 drivers
v0x20b9570_0 .net/s "f07", 11 0, v0x20b6da0_0; 1 drivers
v0x20b95f0_0 .net/s "f0734", 11 0, v0x20b5c10_0; 1 drivers
v0x20b9670_0 .net/s "f07_34", 11 0, v0x20b5b20_0; 1 drivers
v0x20b9a30_0 .net/s "f0_7", 11 0, v0x20b6c70_0; 1 drivers
v0x20b9840_0 .net/s "f16", 11 0, v0x20b6930_0; 1 drivers
v0x20b98c0_0 .net/s "f1625", 11 0, v0x20b5810_0; 1 drivers
v0x20b9940_0 .net/s "f16_25", 11 0, v0x20b5720_0; 1 drivers
v0x20b9cc0_0 .net/s "f1_6", 11 0, v0x20b6800_0; 1 drivers
v0x20b9ab0_0 .net/s "f25", 11 0, v0x20b64c0_0; 1 drivers
v0x20b9b30_0 .net/s "f2_5", 11 0, v0x20b6390_0; 1 drivers
v0x20b9bb0_0 .net/s "f34", 11 0, v0x20b6050_0; 1 drivers
v0x20b9f70_0 .net/s "f3_4", 11 0, v0x20b5f20_0; 1 drivers
v0x20b9d40_0 .net/s "m0", 23 0, v0x20b4fe0_0; 1 drivers
v0x20b9dc0_0 .net/s "m1", 23 0, L_0x20cd710; 1 drivers
v0x20b9e40_0 .net/s "m10", 23 0, v0x20b42a0_0; 1 drivers
v0x20b9ec0_0 .net/s "m11", 23 0, v0x20b3f40_0; 1 drivers
v0x20ba250_0 .net/s "m12", 23 0, v0x20b3c20_0; 1 drivers
v0x20ba2d0_0 .net/s "m13", 23 0, v0x20b38e0_0; 1 drivers
v0x20b9ff0_0 .net/s "m14", 23 0, v0x20b35b0_0; 1 drivers
v0x20ba070_0 .net/s "m15", 23 0, v0x20b32a0_0; 1 drivers
v0x20ba0f0_0 .net/s "m16", 23 0, v0x20b2f60_0; 1 drivers
v0x20ba170_0 .net/s "m17", 23 0, v0x20b2bd0_0; 1 drivers
v0x20ba5e0_0 .net/s "m18", 23 0, v0x20b2880_0; 1 drivers
v0x20ba660_0 .net/s "m19", 23 0, v0x20b2520_0; 1 drivers
v0x20ba350_0 .net/s "m2", 23 0, L_0x20cd210; 1 drivers
v0x20ba3d0_0 .net/s "m20", 23 0, v0x20b21f0_0; 1 drivers
v0x20ba450_0 .net/s "m21", 23 0, v0x20b1ea0_0; 1 drivers
v0x20ba500_0 .net/s "m22", 23 0, v0x20b1b60_0; 1 drivers
v0x20ba9a0_0 .net/s "m23", 23 0, v0x20b1810_0; 1 drivers
v0x20baa20_0 .net/s "m24", 23 0, v0x20b14d0_0; 1 drivers
v0x20ba6e0_0 .net/s "m25", 23 0, v0x20b1170_0; 1 drivers
v0x20ba790_0 .net/s "m26", 23 0, v0x20b0e20_0; 1 drivers
v0x20ba840_0 .net/s "m27", 23 0, v0x201f280_0; 1 drivers
v0x20ba8f0_0 .net/s "m3", 23 0, L_0x20cdb10; 1 drivers
v0x20bad90_0 .net/s "m4", 23 0, v0x20b4c80_0; 1 drivers
v0x20bae10_0 .net/s "m5", 23 0, L_0x20cdf20; 1 drivers
v0x20baaa0_0 .net/s "m6", 23 0, L_0x20cd350; 1 drivers
v0x20bab20_0 .net/s "m7", 23 0, L_0x20ce290; 1 drivers
v0x20baba0_0 .net/s "m8", 23 0, v0x20b4940_0; 1 drivers
v0x20bac50_0 .net/s "m9", 23 0, v0x20b4600_0; 1 drivers
v0x20bad00_0 .net/s "sum", 11 0, v0x20b5400_0; 1 drivers
v0x20bb1b0_0 .net/s "x0", 11 0, L_0x20ce690; 1 drivers
v0x20bae90_0 .net/s "x1", 11 0, L_0x20cea40; 1 drivers
v0x20baf10_0 .net/s "x2", 11 0, L_0x20ceb30; 1 drivers
v0x20baf90_0 .net/s "x3", 11 0, L_0x20cf180; 1 drivers
v0x20bb010_0 .net/s "x4", 11 0, L_0x20cf270; 1 drivers
v0x20bb090_0 .net/s "x5", 11 0, L_0x20cf860; 1 drivers
v0x20bb110_0 .net/s "x6", 11 0, L_0x20cf950; 1 drivers
v0x20bb590_0 .net/s "x7", 11 0, L_0x20cffc0; 1 drivers
E_0x1ffc5d0 .event posedge, v0x20b9340_0;
L_0x20cd210 .arith/sum 24, v0x20b4940_0, v0x20b4600_0;
L_0x20cd350 .arith/sub 24, v0x20b42a0_0, v0x20b3f40_0;
L_0x20cd490 .arith/sum 24, v0x20b3c20_0, v0x20b2bd0_0;
L_0x20cd5d0 .arith/sum 24, L_0x20cd490, v0x20b1b60_0;
L_0x20cd710 .arith/sum 24, L_0x20cd5d0, v0x201f280_0;
L_0x20cd850 .arith/sub 24, v0x20b38e0_0, v0x20b2520_0;
L_0x20cd9d0 .arith/sub 24, L_0x20cd850, v0x20b21f0_0;
L_0x20cdb10 .arith/sub 24, L_0x20cd9d0, v0x20b0e20_0;
L_0x20cdca0 .arith/sub 24, v0x20b35b0_0, v0x20b2f60_0;
L_0x20cdde0 .arith/sum 24, L_0x20cdca0, v0x20b1810_0;
L_0x20cdf20 .arith/sum 24, L_0x20cdde0, v0x20b1170_0;
L_0x20ce010 .arith/sub 24, v0x20b32a0_0, v0x20b2880_0;
L_0x20ce150 .arith/sum 24, L_0x20ce010, v0x20b1ea0_0;
L_0x20ce290 .arith/sub 24, L_0x20ce150, v0x20b14d0_0;
L_0x20ce3d0 .part v0x20b4fe0_0, 12, 12;
L_0x20ce4c0 .concat [ 12 12 0 0], L_0x20ce3d0, C4<000000000000>;
L_0x20ce690 .part L_0x20ce4c0, 0, 12;
L_0x20ce780 .part L_0x20cd710, 12, 12;
L_0x20cd140 .concat [ 12 12 0 0], L_0x20ce780, C4<000000000000>;
L_0x20cea40 .part L_0x20cd140, 0, 12;
L_0x20ce870 .part L_0x20cd210, 12, 12;
L_0x20cec30 .concat [ 12 12 0 0], L_0x20ce870, C4<000000000000>;
L_0x20ceb30 .part L_0x20cec30, 0, 12;
L_0x20cee80 .part L_0x20cdb10, 12, 12;
L_0x20ce910 .concat [ 12 12 0 0], L_0x20cee80, C4<000000000000>;
L_0x20cf180 .part L_0x20ce910, 0, 12;
L_0x20cef70 .part v0x20b4c80_0, 12, 12;
L_0x20cf3a0 .concat [ 12 12 0 0], L_0x20cef70, C4<000000000000>;
L_0x20cf270 .part L_0x20cf3a0, 0, 12;
L_0x20cf620 .part L_0x20cdf20, 12, 12;
L_0x20cf4e0 .concat [ 12 12 0 0], L_0x20cf620, C4<000000000000>;
L_0x20cf860 .part L_0x20cf4e0, 0, 12;
L_0x20cf710 .part L_0x20cd350, 12, 12;
L_0x20cfaa0 .concat [ 12 12 0 0], L_0x20cf710, C4<000000000000>;
L_0x20cf950 .part L_0x20cfaa0, 0, 12;
L_0x20cfd00 .part L_0x20ce290, 12, 12;
L_0x20cfc20 .concat [ 12 12 0 0], L_0x20cfd00, C4<000000000000>;
L_0x20cffc0 .part L_0x20cfc20, 0, 12;
S_0x20b6b10 .scope module, "B1" "add_sub" 4 22, 4 94, S_0x2078190;
 .timescale 0 0;
v0x20b6c70_0 .var "diff", 11 0;
v0x20b6da0_0 .var "sum", 11 0;
v0x20b6e50_0 .alias "x", 11 0, v0x20b84a0_0;
v0x20b6ed0_0 .alias "y", 11 0, v0x20b8920_0;
E_0x20b6c00 .event edge, v0x20b6ed0_0, v0x20b6e50_0;
S_0x20b66a0 .scope module, "B2" "add_sub" 4 23, 4 94, S_0x2078190;
 .timescale 0 0;
v0x20b6800_0 .var "diff", 11 0;
v0x20b6930_0 .var "sum", 11 0;
v0x20b69e0_0 .alias "x", 11 0, v0x20b8520_0;
v0x20b6a60_0 .alias "y", 11 0, v0x20b8870_0;
E_0x20b6790 .event edge, v0x20b6a60_0, v0x20b69e0_0;
S_0x20b6230 .scope module, "B3" "add_sub" 4 24, 4 94, S_0x2078190;
 .timescale 0 0;
v0x20b6390_0 .var "diff", 11 0;
v0x20b64c0_0 .var "sum", 11 0;
v0x20b6570_0 .alias "x", 11 0, v0x20b8740_0;
v0x20b65f0_0 .alias "y", 11 0, v0x20b89a0_0;
E_0x20b6320 .event edge, v0x20b65f0_0, v0x20b6570_0;
S_0x20b5dc0 .scope module, "B4" "add_sub" 4 25, 4 94, S_0x2078190;
 .timescale 0 0;
v0x20b5f20_0 .var "diff", 11 0;
v0x20b6050_0 .var "sum", 11 0;
v0x20b6100_0 .alias "x", 11 0, v0x20b87f0_0;
v0x20b6180_0 .alias "y", 11 0, v0x20b8650_0;
E_0x20b5eb0 .event edge, v0x20b6180_0, v0x20b6100_0;
S_0x20b59c0 .scope module, "B5" "add_sub" 4 27, 4 94, S_0x2078190;
 .timescale 0 0;
v0x20b5b20_0 .var "diff", 11 0;
v0x20b5c10_0 .var "sum", 11 0;
v0x20b5c90_0 .alias "x", 11 0, v0x20b9570_0;
v0x20b5d10_0 .alias "y", 11 0, v0x20b9bb0_0;
E_0x20b5ab0 .event edge, v0x20b5d10_0, v0x20b5c90_0;
S_0x20b55e0 .scope module, "B6" "add_sub" 4 28, 4 94, S_0x2078190;
 .timescale 0 0;
v0x20b5720_0 .var "diff", 11 0;
v0x20b5810_0 .var "sum", 11 0;
v0x20b5890_0 .alias "x", 11 0, v0x20b9840_0;
v0x20b5910_0 .alias "y", 11 0, v0x20b9ab0_0;
E_0x20b56d0 .event edge, v0x20b5910_0, v0x20b5890_0;
S_0x20b51f0 .scope module, "B7" "add_sub" 4 30, 4 94, S_0x2078190;
 .timescale 0 0;
v0x20b5330_0 .var "diff", 11 0;
v0x20b5400_0 .var "sum", 11 0;
v0x20b54b0_0 .alias "x", 11 0, v0x20b95f0_0;
v0x20b5530_0 .alias "y", 11 0, v0x20b98c0_0;
E_0x20b52e0 .event edge, v0x20b5530_0, v0x20b54b0_0;
S_0x20b4e80 .scope module, "M1" "multiplier" 4 32, 4 107, S_0x2078190;
 .timescale 0 0;
v0x20b4fe0_0 .var "out", 23 0;
v0x20b50a0_0 .alias/s "x", 11 0, v0x20bad00_0;
v0x20b5140_0 .alias/s "y", 11 0, v0x20b9020_0;
E_0x20b4f70 .event edge, v0x20b4de0_0, v0x20b50a0_0;
S_0x20b4b60 .scope module, "M2" "multiplier" 4 33, 4 107, S_0x2078190;
 .timescale 0 0;
v0x20b4c80_0 .var "out", 23 0;
v0x20b4d40_0 .alias/s "x", 11 0, v0x20b97c0_0;
v0x20b4de0_0 .alias/s "y", 11 0, v0x20b9020_0;
E_0x20b4c50 .event edge, v0x20b4de0_0, v0x20b4d40_0;
S_0x20b4820 .scope module, "M3" "multiplier" 4 35, 4 107, S_0x2078190;
 .timescale 0 0;
v0x20b4940_0 .var "out", 23 0;
v0x20b4a00_0 .alias/s "x", 11 0, v0x20b9670_0;
v0x20b4ab0_0 .alias/s "y", 11 0, v0x20b91b0_0;
E_0x20b4910 .event edge, v0x20b40a0_0, v0x20b4360_0;
S_0x20b44a0 .scope module, "M4" "multiplier" 4 36, 4 107, S_0x2078190;
 .timescale 0 0;
v0x20b4600_0 .var "out", 23 0;
v0x20b46c0_0 .alias/s "x", 11 0, v0x20b9940_0;
v0x20b4770_0 .alias/s "y", 11 0, v0x20b94f0_0;
E_0x20b4590 .event edge, v0x20b4400_0, v0x20b4000_0;
S_0x20b4140 .scope module, "M5" "multiplier" 4 39, 4 107, S_0x2078190;
 .timescale 0 0;
v0x20b42a0_0 .var "out", 23 0;
v0x20b4360_0 .alias/s "x", 11 0, v0x20b9670_0;
v0x20b4400_0 .alias/s "y", 11 0, v0x20b94f0_0;
E_0x20b4230 .event edge, v0x20b4400_0, v0x20b4360_0;
S_0x20b3de0 .scope module, "M6" "multiplier" 4 40, 4 107, S_0x2078190;
 .timescale 0 0;
v0x20b3f40_0 .var "out", 23 0;
v0x20b4000_0 .alias/s "x", 11 0, v0x20b9940_0;
v0x20b40a0_0 .alias/s "y", 11 0, v0x20b91b0_0;
E_0x20b3ed0 .event edge, v0x20b40a0_0, v0x20b4000_0;
S_0x20b3af0 .scope module, "M7" "multiplier" 4 43, 4 107, S_0x2078190;
 .timescale 0 0;
v0x20b3c20_0 .var "out", 23 0;
v0x20b3ce0_0 .alias/s "x", 11 0, v0x20b9a30_0;
v0x20b3d60_0 .alias/s "y", 11 0, v0x20b90a0_0;
E_0x20b36f0 .event edge, v0x20b1610_0, v0x20b3360_0;
S_0x20b37a0 .scope module, "M8" "multiplier" 4 44, 4 107, S_0x2078190;
 .timescale 0 0;
v0x20b38e0_0 .var "out", 23 0;
v0x20b39a0_0 .alias/s "x", 11 0, v0x20b9a30_0;
v0x20b3a70_0 .alias/s "y", 11 0, v0x20b8f10_0;
E_0x20b3890 .event edge, v0x20b1300_0, v0x20b3360_0;
S_0x20b3480 .scope module, "M9" "multiplier" 4 45, 4 107, S_0x2078190;
 .timescale 0 0;
v0x20b35b0_0 .var "out", 23 0;
v0x20b3670_0 .alias/s "x", 11 0, v0x20b9a30_0;
v0x20b3720_0 .alias/s "y", 11 0, v0x20b93e0_0;
E_0x20b29c0 .event edge, v0x20b0f90_0, v0x20b3360_0;
S_0x20b3170 .scope module, "M10" "multiplier" 4 46, 4 107, S_0x2078190;
 .timescale 0 0;
v0x20b32a0_0 .var "out", 23 0;
v0x20b3360_0 .alias/s "x", 11 0, v0x20b9a30_0;
v0x20b3400_0 .alias/s "y", 11 0, v0x20b9230_0;
E_0x20b23b0 .event edge, v0x20b0c20_0, v0x20b3360_0;
S_0x20b2e30 .scope module, "M11" "multiplier" 4 48, 4 107, S_0x2078190;
 .timescale 0 0;
v0x20b2f60_0 .var "out", 23 0;
v0x20b3020_0 .alias/s "x", 11 0, v0x20b9cc0_0;
v0x20b30a0_0 .alias/s "y", 11 0, v0x20b90a0_0;
E_0x20b1ca0 .event edge, v0x20b1610_0, v0x20b25e0_0;
S_0x20b2ac0 .scope module, "M12" "multiplier" 4 49, 4 107, S_0x2078190;
 .timescale 0 0;
v0x20b2bd0_0 .var "out", 23 0;
v0x20b2c90_0 .alias/s "x", 11 0, v0x20b9cc0_0;
v0x20b2d60_0 .alias/s "y", 11 0, v0x20b8f10_0;
E_0x20b1d50 .event edge, v0x20b1300_0, v0x20b25e0_0;
S_0x20b2750 .scope module, "M13" "multiplier" 4 50, 4 107, S_0x2078190;
 .timescale 0 0;
v0x20b2880_0 .var "out", 23 0;
v0x20b2940_0 .alias/s "x", 11 0, v0x20b9cc0_0;
v0x20b29f0_0 .alias/s "y", 11 0, v0x20b93e0_0;
E_0x20b19f0 .event edge, v0x20b0f90_0, v0x20b25e0_0;
S_0x20b23e0 .scope module, "M14" "multiplier" 4 51, 4 107, S_0x2078190;
 .timescale 0 0;
v0x20b2520_0 .var "out", 23 0;
v0x20b25e0_0 .alias/s "x", 11 0, v0x20b9cc0_0;
v0x20b2680_0 .alias/s "y", 11 0, v0x20b9230_0;
E_0x20b24d0 .event edge, v0x20b0c20_0, v0x20b25e0_0;
S_0x20b20b0 .scope module, "M15" "multiplier" 4 53, 4 107, S_0x2078190;
 .timescale 0 0;
v0x20b21f0_0 .var "out", 23 0;
v0x20b22b0_0 .alias/s "x", 11 0, v0x20b9b30_0;
v0x20b2330_0 .alias/s "y", 11 0, v0x20b90a0_0;
E_0x20b21a0 .event edge, v0x20b1610_0, v0x20b18d0_0;
S_0x20b1d80 .scope module, "M16" "multiplier" 4 54, 4 107, S_0x2078190;
 .timescale 0 0;
v0x20b1ea0_0 .var "out", 23 0;
v0x20b1f60_0 .alias/s "x", 11 0, v0x20b9b30_0;
v0x20b2030_0 .alias/s "y", 11 0, v0x20b8f10_0;
E_0x20b1e70 .event edge, v0x20b1300_0, v0x20b18d0_0;
S_0x20b1a20 .scope module, "M17" "multiplier" 4 55, 4 107, S_0x2078190;
 .timescale 0 0;
v0x20b1b60_0 .var "out", 23 0;
v0x20b1c20_0 .alias/s "x", 11 0, v0x20b9b30_0;
v0x20b1cd0_0 .alias/s "y", 11 0, v0x20b93e0_0;
E_0x20b1b10 .event edge, v0x20b0f90_0, v0x20b18d0_0;
S_0x20b16b0 .scope module, "M18" "multiplier" 4 56, 4 107, S_0x2078190;
 .timescale 0 0;
v0x20b1810_0 .var "out", 23 0;
v0x20b18d0_0 .alias/s "x", 11 0, v0x20b9b30_0;
v0x20b1970_0 .alias/s "y", 11 0, v0x20b9230_0;
E_0x20b17a0 .event edge, v0x20b0c20_0, v0x20b18d0_0;
S_0x20b13a0 .scope module, "M19" "multiplier" 4 58, 4 107, S_0x2078190;
 .timescale 0 0;
v0x20b14d0_0 .var "out", 23 0;
v0x20b1590_0 .alias/s "x", 11 0, v0x20b9f70_0;
v0x20b1610_0 .alias/s "y", 11 0, v0x20b90a0_0;
E_0x20b0f60 .event edge, v0x20b1610_0, v0x20b0b80_0;
S_0x20b1010 .scope module, "M20" "multiplier" 4 59, 4 107, S_0x2078190;
 .timescale 0 0;
v0x20b1170_0 .var "out", 23 0;
v0x20b1230_0 .alias/s "x", 11 0, v0x20b9f70_0;
v0x20b1300_0 .alias/s "y", 11 0, v0x20b8f10_0;
E_0x20b1100 .event edge, v0x20b1300_0, v0x20b0b80_0;
S_0x20b0cc0 .scope module, "M21" "multiplier" 4 60, 4 107, S_0x2078190;
 .timescale 0 0;
v0x20b0e20_0 .var "out", 23 0;
v0x20b0ee0_0 .alias/s "x", 11 0, v0x20b9f70_0;
v0x20b0f90_0 .alias/s "y", 11 0, v0x20b93e0_0;
E_0x20b0db0 .event edge, v0x20b0f90_0, v0x20b0b80_0;
S_0x20163c0 .scope module, "M22" "multiplier" 4 61, 4 107, S_0x2078190;
 .timescale 0 0;
v0x201f280_0 .var "out", 23 0;
v0x20b0b80_0 .alias/s "x", 11 0, v0x20b9f70_0;
v0x20b0c20_0 .alias/s "y", 11 0, v0x20b9230_0;
E_0x1ffcb10 .event edge, v0x20b0c20_0, v0x20b0b80_0;
    .scope S_0x20c2680;
T_0 ;
    %wait E_0x20c2770;
    %load/v 8, v0x20c29c0_0, 12;
    %load/v 20, v0x20c2a40_0, 12;
    %add 8, 20, 12;
    %set/v v0x20c2910_0, 8, 12;
    %load/v 8, v0x20c29c0_0, 12;
    %load/v 20, v0x20c2a40_0, 12;
    %sub 8, 20, 12;
    %set/v v0x20c27e0_0, 8, 12;
    %jmp T_0;
    .thread T_0, $push;
    .scope S_0x20c2210;
T_1 ;
    %wait E_0x20c2300;
    %load/v 8, v0x20c2550_0, 12;
    %load/v 20, v0x20c25d0_0, 12;
    %add 8, 20, 12;
    %set/v v0x20c24a0_0, 8, 12;
    %load/v 8, v0x20c2550_0, 12;
    %load/v 20, v0x20c25d0_0, 12;
    %sub 8, 20, 12;
    %set/v v0x20c2370_0, 8, 12;
    %jmp T_1;
    .thread T_1, $push;
    .scope S_0x20c1da0;
T_2 ;
    %wait E_0x20c1e90;
    %load/v 8, v0x20c20e0_0, 12;
    %load/v 20, v0x20c2160_0, 12;
    %add 8, 20, 12;
    %set/v v0x20c2030_0, 8, 12;
    %load/v 8, v0x20c20e0_0, 12;
    %load/v 20, v0x20c2160_0, 12;
    %sub 8, 20, 12;
    %set/v v0x20c1f00_0, 8, 12;
    %jmp T_2;
    .thread T_2, $push;
    .scope S_0x20c1930;
T_3 ;
    %wait E_0x20c1a20;
    %load/v 8, v0x20c1c70_0, 12;
    %load/v 20, v0x20c1cf0_0, 12;
    %add 8, 20, 12;
    %set/v v0x20c1bc0_0, 8, 12;
    %load/v 8, v0x20c1c70_0, 12;
    %load/v 20, v0x20c1cf0_0, 12;
    %sub 8, 20, 12;
    %set/v v0x20c1a90_0, 8, 12;
    %jmp T_3;
    .thread T_3, $push;
    .scope S_0x20c1530;
T_4 ;
    %wait E_0x20c1620;
    %load/v 8, v0x20c1800_0, 12;
    %load/v 20, v0x20c1880_0, 12;
    %add 8, 20, 12;
    %set/v v0x20c1780_0, 8, 12;
    %load/v 8, v0x20c1800_0, 12;
    %load/v 20, v0x20c1880_0, 12;
    %sub 8, 20, 12;
    %set/v v0x20c1690_0, 8, 12;
    %jmp T_4;
    .thread T_4, $push;
    .scope S_0x20c1150;
T_5 ;
    %wait E_0x20c1240;
    %load/v 8, v0x20c1400_0, 12;
    %load/v 20, v0x20c1480_0, 12;
    %add 8, 20, 12;
    %set/v v0x20c1380_0, 8, 12;
    %load/v 8, v0x20c1400_0, 12;
    %load/v 20, v0x20c1480_0, 12;
    %sub 8, 20, 12;
    %set/v v0x20c1290_0, 8, 12;
    %jmp T_5;
    .thread T_5, $push;
    .scope S_0x20c0d60;
T_6 ;
    %wait E_0x20c0e50;
    %load/v 8, v0x20c1020_0, 12;
    %load/v 20, v0x20c10a0_0, 12;
    %add 8, 20, 12;
    %set/v v0x20c0f70_0, 8, 12;
    %load/v 8, v0x20c1020_0, 12;
    %load/v 20, v0x20c10a0_0, 12;
    %sub 8, 20, 12;
    %set/v v0x20c0ea0_0, 8, 12;
    %jmp T_6;
    .thread T_6, $push;
    .scope S_0x20c09f0;
T_7 ;
    %wait E_0x20c0ae0;
    %load/v 8, v0x20c0c10_0, 12;
    %mov 20, 19, 1;
    %mov 21, 19, 1;
    %mov 22, 19, 1;
    %mov 23, 19, 1;
    %mov 24, 19, 1;
    %mov 25, 19, 1;
    %mov 26, 19, 1;
    %mov 27, 19, 1;
    %mov 28, 19, 1;
    %mov 29, 19, 1;
    %mov 30, 19, 1;
    %mov 31, 19, 1;
    %load/v 32, v0x20c0cb0_0, 12;
    %mov 44, 43, 1;
    %mov 45, 43, 1;
    %mov 46, 43, 1;
    %mov 47, 43, 1;
    %mov 48, 43, 1;
    %mov 49, 43, 1;
    %mov 50, 43, 1;
    %mov 51, 43, 1;
    %mov 52, 43, 1;
    %mov 53, 43, 1;
    %mov 54, 43, 1;
    %mov 55, 43, 1;
    %mul 8, 32, 24;
    %set/v v0x20c0b50_0, 8, 24;
    %jmp T_7;
    .thread T_7, $push;
    .scope S_0x20c06d0;
T_8 ;
    %wait E_0x20c07c0;
    %load/v 8, v0x20c08b0_0, 12;
    %mov 20, 19, 1;
    %mov 21, 19, 1;
    %mov 22, 19, 1;
    %mov 23, 19, 1;
    %mov 24, 19, 1;
    %mov 25, 19, 1;
    %mov 26, 19, 1;
    %mov 27, 19, 1;
    %mov 28, 19, 1;
    %mov 29, 19, 1;
    %mov 30, 19, 1;
    %mov 31, 19, 1;
    %load/v 32, v0x20c0950_0, 12;
    %mov 44, 43, 1;
    %mov 45, 43, 1;
    %mov 46, 43, 1;
    %mov 47, 43, 1;
    %mov 48, 43, 1;
    %mov 49, 43, 1;
    %mov 50, 43, 1;
    %mov 51, 43, 1;
    %mov 52, 43, 1;
    %mov 53, 43, 1;
    %mov 54, 43, 1;
    %mov 55, 43, 1;
    %mul 8, 32, 24;
    %set/v v0x20c07f0_0, 8, 24;
    %jmp T_8;
    .thread T_8, $push;
    .scope S_0x20c0390;
T_9 ;
    %wait E_0x20c0480;
    %load/v 8, v0x20c0570_0, 12;
    %mov 20, 19, 1;
    %mov 21, 19, 1;
    %mov 22, 19, 1;
    %mov 23, 19, 1;
    %mov 24, 19, 1;
    %mov 25, 19, 1;
    %mov 26, 19, 1;
    %mov 27, 19, 1;
    %mov 28, 19, 1;
    %mov 29, 19, 1;
    %mov 30, 19, 1;
    %mov 31, 19, 1;
    %load/v 32, v0x20c0620_0, 12;
    %mov 44, 43, 1;
    %mov 45, 43, 1;
    %mov 46, 43, 1;
    %mov 47, 43, 1;
    %mov 48, 43, 1;
    %mov 49, 43, 1;
    %mov 50, 43, 1;
    %mov 51, 43, 1;
    %mov 52, 43, 1;
    %mov 53, 43, 1;
    %mov 54, 43, 1;
    %mov 55, 43, 1;
    %mul 8, 32, 24;
    %set/v v0x20c04b0_0, 8, 24;
    %jmp T_9;
    .thread T_9, $push;
    .scope S_0x20c0010;
T_10 ;
    %wait E_0x20c0100;
    %load/v 8, v0x20c0230_0, 12;
    %mov 20, 19, 1;
    %mov 21, 19, 1;
    %mov 22, 19, 1;
    %mov 23, 19, 1;
    %mov 24, 19, 1;
    %mov 25, 19, 1;
    %mov 26, 19, 1;
    %mov 27, 19, 1;
    %mov 28, 19, 1;
    %mov 29, 19, 1;
    %mov 30, 19, 1;
    %mov 31, 19, 1;
    %load/v 32, v0x20c02e0_0, 12;
    %mov 44, 43, 1;
    %mov 45, 43, 1;
    %mov 46, 43, 1;
    %mov 47, 43, 1;
    %mov 48, 43, 1;
    %mov 49, 43, 1;
    %mov 50, 43, 1;
    %mov 51, 43, 1;
    %mov 52, 43, 1;
    %mov 53, 43, 1;
    %mov 54, 43, 1;
    %mov 55, 43, 1;
    %mul 8, 32, 24;
    %set/v v0x20c0170_0, 8, 24;
    %jmp T_10;
    .thread T_10, $push;
    .scope S_0x20bfcb0;
T_11 ;
    %wait E_0x20bfda0;
    %load/v 8, v0x20bfed0_0, 12;
    %mov 20, 19, 1;
    %mov 21, 19, 1;
    %mov 22, 19, 1;
    %mov 23, 19, 1;
    %mov 24, 19, 1;
    %mov 25, 19, 1;
    %mov 26, 19, 1;
    %mov 27, 19, 1;
    %mov 28, 19, 1;
    %mov 29, 19, 1;
    %mov 30, 19, 1;
    %mov 31, 19, 1;
    %load/v 32, v0x20bff70_0, 12;
    %mov 44, 43, 1;
    %mov 45, 43, 1;
    %mov 46, 43, 1;
    %mov 47, 43, 1;
    %mov 48, 43, 1;
    %mov 49, 43, 1;
    %mov 50, 43, 1;
    %mov 51, 43, 1;
    %mov 52, 43, 1;
    %mov 53, 43, 1;
    %mov 54, 43, 1;
    %mov 55, 43, 1;
    %mul 8, 32, 24;
    %set/v v0x20bfe10_0, 8, 24;
    %jmp T_11;
    .thread T_11, $push;
    .scope S_0x20bf950;
T_12 ;
    %wait E_0x20bfa40;
    %load/v 8, v0x20bfb70_0, 12;
    %mov 20, 19, 1;
    %mov 21, 19, 1;
    %mov 22, 19, 1;
    %mov 23, 19, 1;
    %mov 24, 19, 1;
    %mov 25, 19, 1;
    %mov 26, 19, 1;
    %mov 27, 19, 1;
    %mov 28, 19, 1;
    %mov 29, 19, 1;
    %mov 30, 19, 1;
    %mov 31, 19, 1;
    %load/v 32, v0x20bfc10_0, 12;
    %mov 44, 43, 1;
    %mov 45, 43, 1;
    %mov 46, 43, 1;
    %mov 47, 43, 1;
    %mov 48, 43, 1;
    %mov 49, 43, 1;
    %mov 50, 43, 1;
    %mov 51, 43, 1;
    %mov 52, 43, 1;
    %mov 53, 43, 1;
    %mov 54, 43, 1;
    %mov 55, 43, 1;
    %mul 8, 32, 24;
    %set/v v0x20bfab0_0, 8, 24;
    %jmp T_12;
    .thread T_12, $push;
    .scope S_0x20bf660;
T_13 ;
    %wait E_0x20bf260;
    %load/v 8, v0x20bf850_0, 12;
    %mov 20, 19, 1;
    %mov 21, 19, 1;
    %mov 22, 19, 1;
    %mov 23, 19, 1;
    %mov 24, 19, 1;
    %mov 25, 19, 1;
    %mov 26, 19, 1;
    %mov 27, 19, 1;
    %mov 28, 19, 1;
    %mov 29, 19, 1;
    %mov 30, 19, 1;
    %mov 31, 19, 1;
    %load/v 32, v0x20bf8d0_0, 12;
    %mov 44, 43, 1;
    %mov 45, 43, 1;
    %mov 46, 43, 1;
    %mov 47, 43, 1;
    %mov 48, 43, 1;
    %mov 49, 43, 1;
    %mov 50, 43, 1;
    %mov 51, 43, 1;
    %mov 52, 43, 1;
    %mov 53, 43, 1;
    %mov 54, 43, 1;
    %mov 55, 43, 1;
    %mul 8, 32, 24;
    %set/v v0x20bf790_0, 8, 24;
    %jmp T_13;
    .thread T_13, $push;
    .scope S_0x20bf310;
T_14 ;
    %wait E_0x20bf400;
    %load/v 8, v0x20bf510_0, 12;
    %mov 20, 19, 1;
    %mov 21, 19, 1;
    %mov 22, 19, 1;
    %mov 23, 19, 1;
    %mov 24, 19, 1;
    %mov 25, 19, 1;
    %mov 26, 19, 1;
    %mov 27, 19, 1;
    %mov 28, 19, 1;
    %mov 29, 19, 1;
    %mov 30, 19, 1;
    %mov 31, 19, 1;
    %load/v 32, v0x20bf5e0_0, 12;
    %mov 44, 43, 1;
    %mov 45, 43, 1;
    %mov 46, 43, 1;
    %mov 47, 43, 1;
    %mov 48, 43, 1;
    %mov 49, 43, 1;
    %mov 50, 43, 1;
    %mov 51, 43, 1;
    %mov 52, 43, 1;
    %mov 53, 43, 1;
    %mov 54, 43, 1;
    %mov 55, 43, 1;
    %mul 8, 32, 24;
    %set/v v0x20bf450_0, 8, 24;
    %jmp T_14;
    .thread T_14, $push;
    .scope S_0x20beff0;
T_15 ;
    %wait E_0x20be530;
    %load/v 8, v0x20bf1e0_0, 12;
    %mov 20, 19, 1;
    %mov 21, 19, 1;
    %mov 22, 19, 1;
    %mov 23, 19, 1;
    %mov 24, 19, 1;
    %mov 25, 19, 1;
    %mov 26, 19, 1;
    %mov 27, 19, 1;
    %mov 28, 19, 1;
    %mov 29, 19, 1;
    %mov 30, 19, 1;
    %mov 31, 19, 1;
    %load/v 32, v0x20bf290_0, 12;
    %mov 44, 43, 1;
    %mov 45, 43, 1;
    %mov 46, 43, 1;
    %mov 47, 43, 1;
    %mov 48, 43, 1;
    %mov 49, 43, 1;
    %mov 50, 43, 1;
    %mov 51, 43, 1;
    %mov 52, 43, 1;
    %mov 53, 43, 1;
    %mov 54, 43, 1;
    %mov 55, 43, 1;
    %mul 8, 32, 24;
    %set/v v0x20bf120_0, 8, 24;
    %jmp T_15;
    .thread T_15, $push;
    .scope S_0x20bece0;
T_16 ;
    %wait E_0x20bdf20;
    %load/v 8, v0x20beed0_0, 12;
    %mov 20, 19, 1;
    %mov 21, 19, 1;
    %mov 22, 19, 1;
    %mov 23, 19, 1;
    %mov 24, 19, 1;
    %mov 25, 19, 1;
    %mov 26, 19, 1;
    %mov 27, 19, 1;
    %mov 28, 19, 1;
    %mov 29, 19, 1;
    %mov 30, 19, 1;
    %mov 31, 19, 1;
    %load/v 32, v0x20bef70_0, 12;
    %mov 44, 43, 1;
    %mov 45, 43, 1;
    %mov 46, 43, 1;
    %mov 47, 43, 1;
    %mov 48, 43, 1;
    %mov 49, 43, 1;
    %mov 50, 43, 1;
    %mov 51, 43, 1;
    %mov 52, 43, 1;
    %mov 53, 43, 1;
    %mov 54, 43, 1;
    %mov 55, 43, 1;
    %mul 8, 32, 24;
    %set/v v0x20bee10_0, 8, 24;
    %jmp T_16;
    .thread T_16, $push;
    .scope S_0x20be9a0;
T_17 ;
    %wait E_0x20bd810;
    %load/v 8, v0x20beb90_0, 12;
    %mov 20, 19, 1;
    %mov 21, 19, 1;
    %mov 22, 19, 1;
    %mov 23, 19, 1;
    %mov 24, 19, 1;
    %mov 25, 19, 1;
    %mov 26, 19, 1;
    %mov 27, 19, 1;
    %mov 28, 19, 1;
    %mov 29, 19, 1;
    %mov 30, 19, 1;
    %mov 31, 19, 1;
    %load/v 32, v0x20bec10_0, 12;
    %mov 44, 43, 1;
    %mov 45, 43, 1;
    %mov 46, 43, 1;
    %mov 47, 43, 1;
    %mov 48, 43, 1;
    %mov 49, 43, 1;
    %mov 50, 43, 1;
    %mov 51, 43, 1;
    %mov 52, 43, 1;
    %mov 53, 43, 1;
    %mov 54, 43, 1;
    %mov 55, 43, 1;
    %mul 8, 32, 24;
    %set/v v0x20bead0_0, 8, 24;
    %jmp T_17;
    .thread T_17, $push;
    .scope S_0x20be630;
T_18 ;
    %wait E_0x20bd8c0;
    %load/v 8, v0x20be800_0, 12;
    %mov 20, 19, 1;
    %mov 21, 19, 1;
    %mov 22, 19, 1;
    %mov 23, 19, 1;
    %mov 24, 19, 1;
    %mov 25, 19, 1;
    %mov 26, 19, 1;
    %mov 27, 19, 1;
    %mov 28, 19, 1;
    %mov 29, 19, 1;
    %mov 30, 19, 1;
    %mov 31, 19, 1;
    %load/v 32, v0x20be8d0_0, 12;
    %mov 44, 43, 1;
    %mov 45, 43, 1;
    %mov 46, 43, 1;
    %mov 47, 43, 1;
    %mov 48, 43, 1;
    %mov 49, 43, 1;
    %mov 50, 43, 1;
    %mov 51, 43, 1;
    %mov 52, 43, 1;
    %mov 53, 43, 1;
    %mov 54, 43, 1;
    %mov 55, 43, 1;
    %mul 8, 32, 24;
    %set/v v0x20be740_0, 8, 24;
    %jmp T_18;
    .thread T_18, $push;
    .scope S_0x20be2c0;
T_19 ;
    %wait E_0x20bd560;
    %load/v 8, v0x20be4b0_0, 12;
    %mov 20, 19, 1;
    %mov 21, 19, 1;
    %mov 22, 19, 1;
    %mov 23, 19, 1;
    %mov 24, 19, 1;
    %mov 25, 19, 1;
    %mov 26, 19, 1;
    %mov 27, 19, 1;
    %mov 28, 19, 1;
    %mov 29, 19, 1;
    %mov 30, 19, 1;
    %mov 31, 19, 1;
    %load/v 32, v0x20be560_0, 12;
    %mov 44, 43, 1;
    %mov 45, 43, 1;
    %mov 46, 43, 1;
    %mov 47, 43, 1;
    %mov 48, 43, 1;
    %mov 49, 43, 1;
    %mov 50, 43, 1;
    %mov 51, 43, 1;
    %mov 52, 43, 1;
    %mov 53, 43, 1;
    %mov 54, 43, 1;
    %mov 55, 43, 1;
    %mul 8, 32, 24;
    %set/v v0x20be3f0_0, 8, 24;
    %jmp T_19;
    .thread T_19, $push;
    .scope S_0x20bdf50;
T_20 ;
    %wait E_0x20be040;
    %load/v 8, v0x20be150_0, 12;
    %mov 20, 19, 1;
    %mov 21, 19, 1;
    %mov 22, 19, 1;
    %mov 23, 19, 1;
    %mov 24, 19, 1;
    %mov 25, 19, 1;
    %mov 26, 19, 1;
    %mov 27, 19, 1;
    %mov 28, 19, 1;
    %mov 29, 19, 1;
    %mov 30, 19, 1;
    %mov 31, 19, 1;
    %load/v 32, v0x20be1f0_0, 12;
    %mov 44, 43, 1;
    %mov 45, 43, 1;
    %mov 46, 43, 1;
    %mov 47, 43, 1;
    %mov 48, 43, 1;
    %mov 49, 43, 1;
    %mov 50, 43, 1;
    %mov 51, 43, 1;
    %mov 52, 43, 1;
    %mov 53, 43, 1;
    %mov 54, 43, 1;
    %mov 55, 43, 1;
    %mul 8, 32, 24;
    %set/v v0x20be090_0, 8, 24;
    %jmp T_20;
    .thread T_20, $push;
    .scope S_0x20bdc20;
T_21 ;
    %wait E_0x20bdd10;
    %load/v 8, v0x20bde20_0, 12;
    %mov 20, 19, 1;
    %mov 21, 19, 1;
    %mov 22, 19, 1;
    %mov 23, 19, 1;
    %mov 24, 19, 1;
    %mov 25, 19, 1;
    %mov 26, 19, 1;
    %mov 27, 19, 1;
    %mov 28, 19, 1;
    %mov 29, 19, 1;
    %mov 30, 19, 1;
    %mov 31, 19, 1;
    %load/v 32, v0x20bdea0_0, 12;
    %mov 44, 43, 1;
    %mov 45, 43, 1;
    %mov 46, 43, 1;
    %mov 47, 43, 1;
    %mov 48, 43, 1;
    %mov 49, 43, 1;
    %mov 50, 43, 1;
    %mov 51, 43, 1;
    %mov 52, 43, 1;
    %mov 53, 43, 1;
    %mov 54, 43, 1;
    %mov 55, 43, 1;
    %mul 8, 32, 24;
    %set/v v0x20bdd60_0, 8, 24;
    %jmp T_21;
    .thread T_21, $push;
    .scope S_0x20bd8f0;
T_22 ;
    %wait E_0x20bd9e0;
    %load/v 8, v0x20bdad0_0, 12;
    %mov 20, 19, 1;
    %mov 21, 19, 1;
    %mov 22, 19, 1;
    %mov 23, 19, 1;
    %mov 24, 19, 1;
    %mov 25, 19, 1;
    %mov 26, 19, 1;
    %mov 27, 19, 1;
    %mov 28, 19, 1;
    %mov 29, 19, 1;
    %mov 30, 19, 1;
    %mov 31, 19, 1;
    %load/v 32, v0x20bdba0_0, 12;
    %mov 44, 43, 1;
    %mov 45, 43, 1;
    %mov 46, 43, 1;
    %mov 47, 43, 1;
    %mov 48, 43, 1;
    %mov 49, 43, 1;
    %mov 50, 43, 1;
    %mov 51, 43, 1;
    %mov 52, 43, 1;
    %mov 53, 43, 1;
    %mov 54, 43, 1;
    %mov 55, 43, 1;
    %mul 8, 32, 24;
    %set/v v0x20bda10_0, 8, 24;
    %jmp T_22;
    .thread T_22, $push;
    .scope S_0x20bd590;
T_23 ;
    %wait E_0x20bd680;
    %load/v 8, v0x20bd790_0, 12;
    %mov 20, 19, 1;
    %mov 21, 19, 1;
    %mov 22, 19, 1;
    %mov 23, 19, 1;
    %mov 24, 19, 1;
    %mov 25, 19, 1;
    %mov 26, 19, 1;
    %mov 27, 19, 1;
    %mov 28, 19, 1;
    %mov 29, 19, 1;
    %mov 30, 19, 1;
    %mov 31, 19, 1;
    %load/v 32, v0x20bd840_0, 12;
    %mov 44, 43, 1;
    %mov 45, 43, 1;
    %mov 46, 43, 1;
    %mov 47, 43, 1;
    %mov 48, 43, 1;
    %mov 49, 43, 1;
    %mov 50, 43, 1;
    %mov 51, 43, 1;
    %mov 52, 43, 1;
    %mov 53, 43, 1;
    %mov 54, 43, 1;
    %mov 55, 43, 1;
    %mul 8, 32, 24;
    %set/v v0x20bd6d0_0, 8, 24;
    %jmp T_23;
    .thread T_23, $push;
    .scope S_0x20bd220;
T_24 ;
    %wait E_0x20bd310;
    %load/v 8, v0x20bd440_0, 12;
    %mov 20, 19, 1;
    %mov 21, 19, 1;
    %mov 22, 19, 1;
    %mov 23, 19, 1;
    %mov 24, 19, 1;
    %mov 25, 19, 1;
    %mov 26, 19, 1;
    %mov 27, 19, 1;
    %mov 28, 19, 1;
    %mov 29, 19, 1;
    %mov 30, 19, 1;
    %mov 31, 19, 1;
    %load/v 32, v0x20bd4e0_0, 12;
    %mov 44, 43, 1;
    %mov 45, 43, 1;
    %mov 46, 43, 1;
    %mov 47, 43, 1;
    %mov 48, 43, 1;
    %mov 49, 43, 1;
    %mov 50, 43, 1;
    %mov 51, 43, 1;
    %mov 52, 43, 1;
    %mov 53, 43, 1;
    %mov 54, 43, 1;
    %mov 55, 43, 1;
    %mul 8, 32, 24;
    %set/v v0x20bd380_0, 8, 24;
    %jmp T_24;
    .thread T_24, $push;
    .scope S_0x20bcf10;
T_25 ;
    %wait E_0x20bcae0;
    %load/v 8, v0x20bd100_0, 12;
    %mov 20, 19, 1;
    %mov 21, 19, 1;
    %mov 22, 19, 1;
    %mov 23, 19, 1;
    %mov 24, 19, 1;
    %mov 25, 19, 1;
    %mov 26, 19, 1;
    %mov 27, 19, 1;
    %mov 28, 19, 1;
    %mov 29, 19, 1;
    %mov 30, 19, 1;
    %mov 31, 19, 1;
    %load/v 32, v0x20bd180_0, 12;
    %mov 44, 43, 1;
    %mov 45, 43, 1;
    %mov 46, 43, 1;
    %mov 47, 43, 1;
    %mov 48, 43, 1;
    %mov 49, 43, 1;
    %mov 50, 43, 1;
    %mov 51, 43, 1;
    %mov 52, 43, 1;
    %mov 53, 43, 1;
    %mov 54, 43, 1;
    %mov 55, 43, 1;
    %mul 8, 32, 24;
    %set/v v0x20bd040_0, 8, 24;
    %jmp T_25;
    .thread T_25, $push;
    .scope S_0x20bcbb0;
T_26 ;
    %wait E_0x20bc350;
    %load/v 8, v0x20bcda0_0, 12;
    %mov 20, 19, 1;
    %mov 21, 19, 1;
    %mov 22, 19, 1;
    %mov 23, 19, 1;
    %mov 24, 19, 1;
    %mov 25, 19, 1;
    %mov 26, 19, 1;
    %mov 27, 19, 1;
    %mov 28, 19, 1;
    %mov 29, 19, 1;
    %mov 30, 19, 1;
    %mov 31, 19, 1;
    %load/v 32, v0x20bce70_0, 12;
    %mov 44, 43, 1;
    %mov 45, 43, 1;
    %mov 46, 43, 1;
    %mov 47, 43, 1;
    %mov 48, 43, 1;
    %mov 49, 43, 1;
    %mov 50, 43, 1;
    %mov 51, 43, 1;
    %mov 52, 43, 1;
    %mov 53, 43, 1;
    %mov 54, 43, 1;
    %mov 55, 43, 1;
    %mul 8, 32, 24;
    %set/v v0x20bcce0_0, 8, 24;
    %jmp T_26;
    .thread T_26, $push;
    .scope S_0x20bc840;
T_27 ;
    %wait E_0x20bc930;
    %load/v 8, v0x20bca60_0, 12;
    %mov 20, 19, 1;
    %mov 21, 19, 1;
    %mov 22, 19, 1;
    %mov 23, 19, 1;
    %mov 24, 19, 1;
    %mov 25, 19, 1;
    %mov 26, 19, 1;
    %mov 27, 19, 1;
    %mov 28, 19, 1;
    %mov 29, 19, 1;
    %mov 30, 19, 1;
    %mov 31, 19, 1;
    %load/v 32, v0x20bcb10_0, 12;
    %mov 44, 43, 1;
    %mov 45, 43, 1;
    %mov 46, 43, 1;
    %mov 47, 43, 1;
    %mov 48, 43, 1;
    %mov 49, 43, 1;
    %mov 50, 43, 1;
    %mov 51, 43, 1;
    %mov 52, 43, 1;
    %mov 53, 43, 1;
    %mov 54, 43, 1;
    %mov 55, 43, 1;
    %mul 8, 32, 24;
    %set/v v0x20bc9a0_0, 8, 24;
    %jmp T_27;
    .thread T_27, $push;
    .scope S_0x20bc5b0;
T_28 ;
    %wait E_0x20b8de0;
    %load/v 8, v0x20bc720_0, 12;
    %mov 20, 19, 1;
    %mov 21, 19, 1;
    %mov 22, 19, 1;
    %mov 23, 19, 1;
    %mov 24, 19, 1;
    %mov 25, 19, 1;
    %mov 26, 19, 1;
    %mov 27, 19, 1;
    %mov 28, 19, 1;
    %mov 29, 19, 1;
    %mov 30, 19, 1;
    %mov 31, 19, 1;
    %load/v 32, v0x20bc7a0_0, 12;
    %mov 44, 43, 1;
    %mov 45, 43, 1;
    %mov 46, 43, 1;
    %mov 47, 43, 1;
    %mov 48, 43, 1;
    %mov 49, 43, 1;
    %mov 50, 43, 1;
    %mov 51, 43, 1;
    %mov 52, 43, 1;
    %mov 53, 43, 1;
    %mov 54, 43, 1;
    %mov 55, 43, 1;
    %mul 8, 32, 24;
    %set/v v0x20bc6a0_0, 8, 24;
    %jmp T_28;
    .thread T_28, $push;
    .scope S_0x20bc4c0;
T_29 ;
    %wait E_0x1ffc5d0;
    %load/v 8, v0x20c7100_0, 12;
    %load/v 20, v0x20c6c80_0, 12;
    %load/v 32, v0x20c6c00_0, 12;
    %load/v 44, v0x20c6b80_0, 12;
    %load/v 56, v0x20c6b00_0, 12;
    %load/v 68, v0x20c6a80_0, 12;
    %load/v 80, v0x20c6a00_0, 12;
    %load/v 92, v0x20c6d20_0, 12;
    %ix/load 0, 12, 0;
    %assign/v0 v0x20c4b10_0, 0, 8;
    %ix/load 0, 12, 0;
    %assign/v0 v0x20c4a90_0, 0, 20;
    %ix/load 0, 12, 0;
    %assign/v0 v0x20c47e0_0, 0, 32;
    %ix/load 0, 12, 0;
    %assign/v0 v0x20c4730_0, 0, 44;
    %ix/load 0, 12, 0;
    %assign/v0 v0x20c4890_0, 0, 56;
    %ix/load 0, 12, 0;
    %assign/v0 v0x20c44b0_0, 0, 68;
    %ix/load 0, 12, 0;
    %assign/v0 v0x20c46b0_0, 0, 80;
    %ix/load 0, 12, 0;
    %assign/v0 v0x20c4600_0, 0, 92;
    %jmp T_29;
    .thread T_29;
    .scope S_0x20bb610;
T_30 ;
    %wait E_0x1ffc5d0;
    %load/v 8, v0x20bc1d0_0, 1;
    %jmp/0xz  T_30.0, 8;
    %set/v v0x20bc130_0, 0, 3;
    %set/v v0x20bc380_0, 0, 3;
    %jmp T_30.1;
T_30.0 ;
    %load/v 8, v0x20bc250_0, 1;
    %mov 9, 0, 2;
    %cmpi/u 8, 1, 3;
    %jmp/0xz  T_30.2, 4;
    %load/v 8, v0x20bb780_0, 12;
    %load/v 20, v0x20bc130_0, 3;
    %movi 23, 0, 29;
    %muli 20, 8, 32;
    %ix/get 3, 20, 32;
    %jmp/1 t_0, 4;
    %ix/load 0, 12, 0; word width
    %ix/load 1, 0, 0; part off
    %assign/av v0x20bbb80, 0, 8;
t_0 ;
    %load/v 8, v0x20bb800_0, 12;
    %load/v 20, v0x20bc130_0, 3;
    %movi 23, 0, 29;
    %muli 20, 8, 32;
    %addi 20, 1, 32;
    %ix/get 3, 20, 32;
    %jmp/1 t_1, 4;
    %ix/load 0, 12, 0; word width
    %ix/load 1, 0, 0; part off
    %assign/av v0x20bbb80, 0, 8;
t_1 ;
    %load/v 8, v0x20bb880_0, 12;
    %load/v 20, v0x20bc130_0, 3;
    %movi 23, 0, 29;
    %muli 20, 8, 32;
    %addi 20, 2, 32;
    %ix/get 3, 20, 32;
    %jmp/1 t_2, 4;
    %ix/load 0, 12, 0; word width
    %ix/load 1, 0, 0; part off
    %assign/av v0x20bbb80, 0, 8;
t_2 ;
    %load/v 8, v0x20bb900_0, 12;
    %load/v 20, v0x20bc130_0, 3;
    %movi 23, 0, 29;
    %muli 20, 8, 32;
    %addi 20, 3, 32;
    %ix/get 3, 20, 32;
    %jmp/1 t_3, 4;
    %ix/load 0, 12, 0; word width
    %ix/load 1, 0, 0; part off
    %assign/av v0x20bbb80, 0, 8;
t_3 ;
    %load/v 8, v0x20bb980_0, 12;
    %load/v 20, v0x20bc130_0, 3;
    %movi 23, 0, 29;
    %muli 20, 8, 32;
    %addi 20, 4, 32;
    %ix/get 3, 20, 32;
    %jmp/1 t_4, 4;
    %ix/load 0, 12, 0; word width
    %ix/load 1, 0, 0; part off
    %assign/av v0x20bbb80, 0, 8;
t_4 ;
    %load/v 8, v0x20bba00_0, 12;
    %load/v 20, v0x20bc130_0, 3;
    %movi 23, 0, 29;
    %muli 20, 8, 32;
    %addi 20, 5, 32;
    %ix/get 3, 20, 32;
    %jmp/1 t_5, 4;
    %ix/load 0, 12, 0; word width
    %ix/load 1, 0, 0; part off
    %assign/av v0x20bbb80, 0, 8;
t_5 ;
    %load/v 8, v0x20bba80_0, 12;
    %load/v 20, v0x20bc130_0, 3;
    %movi 23, 0, 29;
    %muli 20, 8, 32;
    %addi 20, 6, 32;
    %ix/get 3, 20, 32;
    %jmp/1 t_6, 4;
    %ix/load 0, 12, 0; word width
    %ix/load 1, 0, 0; part off
    %assign/av v0x20bbb80, 0, 8;
t_6 ;
    %load/v 8, v0x20bbb00_0, 12;
    %load/v 20, v0x20bc130_0, 3;
    %movi 23, 0, 29;
    %muli 20, 8, 32;
    %addi 20, 7, 32;
    %ix/get 3, 20, 32;
    %jmp/1 t_7, 4;
    %ix/load 0, 12, 0; word width
    %ix/load 1, 0, 0; part off
    %assign/av v0x20bbb80, 0, 8;
t_7 ;
    %load/v 8, v0x20bc130_0, 3;
    %mov 11, 0, 29;
    %addi 8, 1, 32;
    %ix/load 0, 3, 0;
    %assign/v0 v0x20bc130_0, 0, 8;
    %jmp T_30.3;
T_30.2 ;
    %load/v 8, v0x20bc250_0, 1;
    %cmpi/u 8, 0, 1;
    %jmp/0xz  T_30.4, 4;
    %ix/getv 3, v0x20bc380_0;
    %load/av 8, v0x20bbb80, 12;
    %ix/load 0, 12, 0;
    %assign/v0 v0x20bbc00_0, 0, 8;
    %ix/load 0, 8, 0;
    %load/vp0 20, v0x20bc380_0, 32;
    %ix/get 3, 20, 32;
    %load/av 8, v0x20bbb80, 12;
    %ix/load 0, 12, 0;
    %assign/v0 v0x20bbc80_0, 0, 8;
    %ix/load 0, 16, 0;
    %load/vp0 20, v0x20bc380_0, 32;
    %ix/get 3, 20, 32;
    %load/av 8, v0x20bbb80, 12;
    %ix/load 0, 12, 0;
    %assign/v0 v0x20bbd00_0, 0, 8;
    %ix/load 0, 24, 0;
    %load/vp0 20, v0x20bc380_0, 32;
    %ix/get 3, 20, 32;
    %load/av 8, v0x20bbb80, 12;
    %ix/load 0, 12, 0;
    %assign/v0 v0x20bbda0_0, 0, 8;
    %ix/load 0, 32, 0;
    %load/vp0 20, v0x20bc380_0, 32;
    %ix/get 3, 20, 32;
    %load/av 8, v0x20bbb80, 12;
    %ix/load 0, 12, 0;
    %assign/v0 v0x20bbec0_0, 0, 8;
    %ix/load 0, 40, 0;
    %load/vp0 20, v0x20bc380_0, 32;
    %ix/get 3, 20, 32;
    %load/av 8, v0x20bbb80, 12;
    %ix/load 0, 12, 0;
    %assign/v0 v0x20bbf60_0, 0, 8;
    %ix/load 0, 48, 0;
    %load/vp0 20, v0x20bc380_0, 32;
    %ix/get 3, 20, 32;
    %load/av 8, v0x20bbb80, 12;
    %ix/load 0, 12, 0;
    %assign/v0 v0x20bbe20_0, 0, 8;
    %ix/load 0, 56, 0;
    %load/vp0 20, v0x20bc380_0, 32;
    %ix/get 3, 20, 32;
    %load/av 8, v0x20bbb80, 12;
    %ix/load 0, 12, 0;
    %assign/v0 v0x20bc0b0_0, 0, 8;
    %load/v 8, v0x20bc380_0, 3;
    %mov 11, 0, 29;
    %addi 8, 1, 32;
    %ix/load 0, 3, 0;
    %assign/v0 v0x20bc380_0, 0, 8;
T_30.4 ;
T_30.3 ;
T_30.1 ;
    %jmp T_30;
    .thread T_30;
    .scope S_0x20b6b10;
T_31 ;
    %wait E_0x20b6c00;
    %load/v 8, v0x20b6e50_0, 12;
    %load/v 20, v0x20b6ed0_0, 12;
    %add 8, 20, 12;
    %set/v v0x20b6da0_0, 8, 12;
    %load/v 8, v0x20b6e50_0, 12;
    %load/v 20, v0x20b6ed0_0, 12;
    %sub 8, 20, 12;
    %set/v v0x20b6c70_0, 8, 12;
    %jmp T_31;
    .thread T_31, $push;
    .scope S_0x20b66a0;
T_32 ;
    %wait E_0x20b6790;
    %load/v 8, v0x20b69e0_0, 12;
    %load/v 20, v0x20b6a60_0, 12;
    %add 8, 20, 12;
    %set/v v0x20b6930_0, 8, 12;
    %load/v 8, v0x20b69e0_0, 12;
    %load/v 20, v0x20b6a60_0, 12;
    %sub 8, 20, 12;
    %set/v v0x20b6800_0, 8, 12;
    %jmp T_32;
    .thread T_32, $push;
    .scope S_0x20b6230;
T_33 ;
    %wait E_0x20b6320;
    %load/v 8, v0x20b6570_0, 12;
    %load/v 20, v0x20b65f0_0, 12;
    %add 8, 20, 12;
    %set/v v0x20b64c0_0, 8, 12;
    %load/v 8, v0x20b6570_0, 12;
    %load/v 20, v0x20b65f0_0, 12;
    %sub 8, 20, 12;
    %set/v v0x20b6390_0, 8, 12;
    %jmp T_33;
    .thread T_33, $push;
    .scope S_0x20b5dc0;
T_34 ;
    %wait E_0x20b5eb0;
    %load/v 8, v0x20b6100_0, 12;
    %load/v 20, v0x20b6180_0, 12;
    %add 8, 20, 12;
    %set/v v0x20b6050_0, 8, 12;
    %load/v 8, v0x20b6100_0, 12;
    %load/v 20, v0x20b6180_0, 12;
    %sub 8, 20, 12;
    %set/v v0x20b5f20_0, 8, 12;
    %jmp T_34;
    .thread T_34, $push;
    .scope S_0x20b59c0;
T_35 ;
    %wait E_0x20b5ab0;
    %load/v 8, v0x20b5c90_0, 12;
    %load/v 20, v0x20b5d10_0, 12;
    %add 8, 20, 12;
    %set/v v0x20b5c10_0, 8, 12;
    %load/v 8, v0x20b5c90_0, 12;
    %load/v 20, v0x20b5d10_0, 12;
    %sub 8, 20, 12;
    %set/v v0x20b5b20_0, 8, 12;
    %jmp T_35;
    .thread T_35, $push;
    .scope S_0x20b55e0;
T_36 ;
    %wait E_0x20b56d0;
    %load/v 8, v0x20b5890_0, 12;
    %load/v 20, v0x20b5910_0, 12;
    %add 8, 20, 12;
    %set/v v0x20b5810_0, 8, 12;
    %load/v 8, v0x20b5890_0, 12;
    %load/v 20, v0x20b5910_0, 12;
    %sub 8, 20, 12;
    %set/v v0x20b5720_0, 8, 12;
    %jmp T_36;
    .thread T_36, $push;
    .scope S_0x20b51f0;
T_37 ;
    %wait E_0x20b52e0;
    %load/v 8, v0x20b54b0_0, 12;
    %load/v 20, v0x20b5530_0, 12;
    %add 8, 20, 12;
    %set/v v0x20b5400_0, 8, 12;
    %load/v 8, v0x20b54b0_0, 12;
    %load/v 20, v0x20b5530_0, 12;
    %sub 8, 20, 12;
    %set/v v0x20b5330_0, 8, 12;
    %jmp T_37;
    .thread T_37, $push;
    .scope S_0x20b4e80;
T_38 ;
    %wait E_0x20b4f70;
    %load/v 8, v0x20b50a0_0, 12;
    %mov 20, 19, 1;
    %mov 21, 19, 1;
    %mov 22, 19, 1;
    %mov 23, 19, 1;
    %mov 24, 19, 1;
    %mov 25, 19, 1;
    %mov 26, 19, 1;
    %mov 27, 19, 1;
    %mov 28, 19, 1;
    %mov 29, 19, 1;
    %mov 30, 19, 1;
    %mov 31, 19, 1;
    %load/v 32, v0x20b5140_0, 12;
    %mov 44, 43, 1;
    %mov 45, 43, 1;
    %mov 46, 43, 1;
    %mov 47, 43, 1;
    %mov 48, 43, 1;
    %mov 49, 43, 1;
    %mov 50, 43, 1;
    %mov 51, 43, 1;
    %mov 52, 43, 1;
    %mov 53, 43, 1;
    %mov 54, 43, 1;
    %mov 55, 43, 1;
    %mul 8, 32, 24;
    %set/v v0x20b4fe0_0, 8, 24;
    %jmp T_38;
    .thread T_38, $push;
    .scope S_0x20b4b60;
T_39 ;
    %wait E_0x20b4c50;
    %load/v 8, v0x20b4d40_0, 12;
    %mov 20, 19, 1;
    %mov 21, 19, 1;
    %mov 22, 19, 1;
    %mov 23, 19, 1;
    %mov 24, 19, 1;
    %mov 25, 19, 1;
    %mov 26, 19, 1;
    %mov 27, 19, 1;
    %mov 28, 19, 1;
    %mov 29, 19, 1;
    %mov 30, 19, 1;
    %mov 31, 19, 1;
    %load/v 32, v0x20b4de0_0, 12;
    %mov 44, 43, 1;
    %mov 45, 43, 1;
    %mov 46, 43, 1;
    %mov 47, 43, 1;
    %mov 48, 43, 1;
    %mov 49, 43, 1;
    %mov 50, 43, 1;
    %mov 51, 43, 1;
    %mov 52, 43, 1;
    %mov 53, 43, 1;
    %mov 54, 43, 1;
    %mov 55, 43, 1;
    %mul 8, 32, 24;
    %set/v v0x20b4c80_0, 8, 24;
    %jmp T_39;
    .thread T_39, $push;
    .scope S_0x20b4820;
T_40 ;
    %wait E_0x20b4910;
    %load/v 8, v0x20b4a00_0, 12;
    %mov 20, 19, 1;
    %mov 21, 19, 1;
    %mov 22, 19, 1;
    %mov 23, 19, 1;
    %mov 24, 19, 1;
    %mov 25, 19, 1;
    %mov 26, 19, 1;
    %mov 27, 19, 1;
    %mov 28, 19, 1;
    %mov 29, 19, 1;
    %mov 30, 19, 1;
    %mov 31, 19, 1;
    %load/v 32, v0x20b4ab0_0, 12;
    %mov 44, 43, 1;
    %mov 45, 43, 1;
    %mov 46, 43, 1;
    %mov 47, 43, 1;
    %mov 48, 43, 1;
    %mov 49, 43, 1;
    %mov 50, 43, 1;
    %mov 51, 43, 1;
    %mov 52, 43, 1;
    %mov 53, 43, 1;
    %mov 54, 43, 1;
    %mov 55, 43, 1;
    %mul 8, 32, 24;
    %set/v v0x20b4940_0, 8, 24;
    %jmp T_40;
    .thread T_40, $push;
    .scope S_0x20b44a0;
T_41 ;
    %wait E_0x20b4590;
    %load/v 8, v0x20b46c0_0, 12;
    %mov 20, 19, 1;
    %mov 21, 19, 1;
    %mov 22, 19, 1;
    %mov 23, 19, 1;
    %mov 24, 19, 1;
    %mov 25, 19, 1;
    %mov 26, 19, 1;
    %mov 27, 19, 1;
    %mov 28, 19, 1;
    %mov 29, 19, 1;
    %mov 30, 19, 1;
    %mov 31, 19, 1;
    %load/v 32, v0x20b4770_0, 12;
    %mov 44, 43, 1;
    %mov 45, 43, 1;
    %mov 46, 43, 1;
    %mov 47, 43, 1;
    %mov 48, 43, 1;
    %mov 49, 43, 1;
    %mov 50, 43, 1;
    %mov 51, 43, 1;
    %mov 52, 43, 1;
    %mov 53, 43, 1;
    %mov 54, 43, 1;
    %mov 55, 43, 1;
    %mul 8, 32, 24;
    %set/v v0x20b4600_0, 8, 24;
    %jmp T_41;
    .thread T_41, $push;
    .scope S_0x20b4140;
T_42 ;
    %wait E_0x20b4230;
    %load/v 8, v0x20b4360_0, 12;
    %mov 20, 19, 1;
    %mov 21, 19, 1;
    %mov 22, 19, 1;
    %mov 23, 19, 1;
    %mov 24, 19, 1;
    %mov 25, 19, 1;
    %mov 26, 19, 1;
    %mov 27, 19, 1;
    %mov 28, 19, 1;
    %mov 29, 19, 1;
    %mov 30, 19, 1;
    %mov 31, 19, 1;
    %load/v 32, v0x20b4400_0, 12;
    %mov 44, 43, 1;
    %mov 45, 43, 1;
    %mov 46, 43, 1;
    %mov 47, 43, 1;
    %mov 48, 43, 1;
    %mov 49, 43, 1;
    %mov 50, 43, 1;
    %mov 51, 43, 1;
    %mov 52, 43, 1;
    %mov 53, 43, 1;
    %mov 54, 43, 1;
    %mov 55, 43, 1;
    %mul 8, 32, 24;
    %set/v v0x20b42a0_0, 8, 24;
    %jmp T_42;
    .thread T_42, $push;
    .scope S_0x20b3de0;
T_43 ;
    %wait E_0x20b3ed0;
    %load/v 8, v0x20b4000_0, 12;
    %mov 20, 19, 1;
    %mov 21, 19, 1;
    %mov 22, 19, 1;
    %mov 23, 19, 1;
    %mov 24, 19, 1;
    %mov 25, 19, 1;
    %mov 26, 19, 1;
    %mov 27, 19, 1;
    %mov 28, 19, 1;
    %mov 29, 19, 1;
    %mov 30, 19, 1;
    %mov 31, 19, 1;
    %load/v 32, v0x20b40a0_0, 12;
    %mov 44, 43, 1;
    %mov 45, 43, 1;
    %mov 46, 43, 1;
    %mov 47, 43, 1;
    %mov 48, 43, 1;
    %mov 49, 43, 1;
    %mov 50, 43, 1;
    %mov 51, 43, 1;
    %mov 52, 43, 1;
    %mov 53, 43, 1;
    %mov 54, 43, 1;
    %mov 55, 43, 1;
    %mul 8, 32, 24;
    %set/v v0x20b3f40_0, 8, 24;
    %jmp T_43;
    .thread T_43, $push;
    .scope S_0x20b3af0;
T_44 ;
    %wait E_0x20b36f0;
    %load/v 8, v0x20b3ce0_0, 12;
    %mov 20, 19, 1;
    %mov 21, 19, 1;
    %mov 22, 19, 1;
    %mov 23, 19, 1;
    %mov 24, 19, 1;
    %mov 25, 19, 1;
    %mov 26, 19, 1;
    %mov 27, 19, 1;
    %mov 28, 19, 1;
    %mov 29, 19, 1;
    %mov 30, 19, 1;
    %mov 31, 19, 1;
    %load/v 32, v0x20b3d60_0, 12;
    %mov 44, 43, 1;
    %mov 45, 43, 1;
    %mov 46, 43, 1;
    %mov 47, 43, 1;
    %mov 48, 43, 1;
    %mov 49, 43, 1;
    %mov 50, 43, 1;
    %mov 51, 43, 1;
    %mov 52, 43, 1;
    %mov 53, 43, 1;
    %mov 54, 43, 1;
    %mov 55, 43, 1;
    %mul 8, 32, 24;
    %set/v v0x20b3c20_0, 8, 24;
    %jmp T_44;
    .thread T_44, $push;
    .scope S_0x20b37a0;
T_45 ;
    %wait E_0x20b3890;
    %load/v 8, v0x20b39a0_0, 12;
    %mov 20, 19, 1;
    %mov 21, 19, 1;
    %mov 22, 19, 1;
    %mov 23, 19, 1;
    %mov 24, 19, 1;
    %mov 25, 19, 1;
    %mov 26, 19, 1;
    %mov 27, 19, 1;
    %mov 28, 19, 1;
    %mov 29, 19, 1;
    %mov 30, 19, 1;
    %mov 31, 19, 1;
    %load/v 32, v0x20b3a70_0, 12;
    %mov 44, 43, 1;
    %mov 45, 43, 1;
    %mov 46, 43, 1;
    %mov 47, 43, 1;
    %mov 48, 43, 1;
    %mov 49, 43, 1;
    %mov 50, 43, 1;
    %mov 51, 43, 1;
    %mov 52, 43, 1;
    %mov 53, 43, 1;
    %mov 54, 43, 1;
    %mov 55, 43, 1;
    %mul 8, 32, 24;
    %set/v v0x20b38e0_0, 8, 24;
    %jmp T_45;
    .thread T_45, $push;
    .scope S_0x20b3480;
T_46 ;
    %wait E_0x20b29c0;
    %load/v 8, v0x20b3670_0, 12;
    %mov 20, 19, 1;
    %mov 21, 19, 1;
    %mov 22, 19, 1;
    %mov 23, 19, 1;
    %mov 24, 19, 1;
    %mov 25, 19, 1;
    %mov 26, 19, 1;
    %mov 27, 19, 1;
    %mov 28, 19, 1;
    %mov 29, 19, 1;
    %mov 30, 19, 1;
    %mov 31, 19, 1;
    %load/v 32, v0x20b3720_0, 12;
    %mov 44, 43, 1;
    %mov 45, 43, 1;
    %mov 46, 43, 1;
    %mov 47, 43, 1;
    %mov 48, 43, 1;
    %mov 49, 43, 1;
    %mov 50, 43, 1;
    %mov 51, 43, 1;
    %mov 52, 43, 1;
    %mov 53, 43, 1;
    %mov 54, 43, 1;
    %mov 55, 43, 1;
    %mul 8, 32, 24;
    %set/v v0x20b35b0_0, 8, 24;
    %jmp T_46;
    .thread T_46, $push;
    .scope S_0x20b3170;
T_47 ;
    %wait E_0x20b23b0;
    %load/v 8, v0x20b3360_0, 12;
    %mov 20, 19, 1;
    %mov 21, 19, 1;
    %mov 22, 19, 1;
    %mov 23, 19, 1;
    %mov 24, 19, 1;
    %mov 25, 19, 1;
    %mov 26, 19, 1;
    %mov 27, 19, 1;
    %mov 28, 19, 1;
    %mov 29, 19, 1;
    %mov 30, 19, 1;
    %mov 31, 19, 1;
    %load/v 32, v0x20b3400_0, 12;
    %mov 44, 43, 1;
    %mov 45, 43, 1;
    %mov 46, 43, 1;
    %mov 47, 43, 1;
    %mov 48, 43, 1;
    %mov 49, 43, 1;
    %mov 50, 43, 1;
    %mov 51, 43, 1;
    %mov 52, 43, 1;
    %mov 53, 43, 1;
    %mov 54, 43, 1;
    %mov 55, 43, 1;
    %mul 8, 32, 24;
    %set/v v0x20b32a0_0, 8, 24;
    %jmp T_47;
    .thread T_47, $push;
    .scope S_0x20b2e30;
T_48 ;
    %wait E_0x20b1ca0;
    %load/v 8, v0x20b3020_0, 12;
    %mov 20, 19, 1;
    %mov 21, 19, 1;
    %mov 22, 19, 1;
    %mov 23, 19, 1;
    %mov 24, 19, 1;
    %mov 25, 19, 1;
    %mov 26, 19, 1;
    %mov 27, 19, 1;
    %mov 28, 19, 1;
    %mov 29, 19, 1;
    %mov 30, 19, 1;
    %mov 31, 19, 1;
    %load/v 32, v0x20b30a0_0, 12;
    %mov 44, 43, 1;
    %mov 45, 43, 1;
    %mov 46, 43, 1;
    %mov 47, 43, 1;
    %mov 48, 43, 1;
    %mov 49, 43, 1;
    %mov 50, 43, 1;
    %mov 51, 43, 1;
    %mov 52, 43, 1;
    %mov 53, 43, 1;
    %mov 54, 43, 1;
    %mov 55, 43, 1;
    %mul 8, 32, 24;
    %set/v v0x20b2f60_0, 8, 24;
    %jmp T_48;
    .thread T_48, $push;
    .scope S_0x20b2ac0;
T_49 ;
    %wait E_0x20b1d50;
    %load/v 8, v0x20b2c90_0, 12;
    %mov 20, 19, 1;
    %mov 21, 19, 1;
    %mov 22, 19, 1;
    %mov 23, 19, 1;
    %mov 24, 19, 1;
    %mov 25, 19, 1;
    %mov 26, 19, 1;
    %mov 27, 19, 1;
    %mov 28, 19, 1;
    %mov 29, 19, 1;
    %mov 30, 19, 1;
    %mov 31, 19, 1;
    %load/v 32, v0x20b2d60_0, 12;
    %mov 44, 43, 1;
    %mov 45, 43, 1;
    %mov 46, 43, 1;
    %mov 47, 43, 1;
    %mov 48, 43, 1;
    %mov 49, 43, 1;
    %mov 50, 43, 1;
    %mov 51, 43, 1;
    %mov 52, 43, 1;
    %mov 53, 43, 1;
    %mov 54, 43, 1;
    %mov 55, 43, 1;
    %mul 8, 32, 24;
    %set/v v0x20b2bd0_0, 8, 24;
    %jmp T_49;
    .thread T_49, $push;
    .scope S_0x20b2750;
T_50 ;
    %wait E_0x20b19f0;
    %load/v 8, v0x20b2940_0, 12;
    %mov 20, 19, 1;
    %mov 21, 19, 1;
    %mov 22, 19, 1;
    %mov 23, 19, 1;
    %mov 24, 19, 1;
    %mov 25, 19, 1;
    %mov 26, 19, 1;
    %mov 27, 19, 1;
    %mov 28, 19, 1;
    %mov 29, 19, 1;
    %mov 30, 19, 1;
    %mov 31, 19, 1;
    %load/v 32, v0x20b29f0_0, 12;
    %mov 44, 43, 1;
    %mov 45, 43, 1;
    %mov 46, 43, 1;
    %mov 47, 43, 1;
    %mov 48, 43, 1;
    %mov 49, 43, 1;
    %mov 50, 43, 1;
    %mov 51, 43, 1;
    %mov 52, 43, 1;
    %mov 53, 43, 1;
    %mov 54, 43, 1;
    %mov 55, 43, 1;
    %mul 8, 32, 24;
    %set/v v0x20b2880_0, 8, 24;
    %jmp T_50;
    .thread T_50, $push;
    .scope S_0x20b23e0;
T_51 ;
    %wait E_0x20b24d0;
    %load/v 8, v0x20b25e0_0, 12;
    %mov 20, 19, 1;
    %mov 21, 19, 1;
    %mov 22, 19, 1;
    %mov 23, 19, 1;
    %mov 24, 19, 1;
    %mov 25, 19, 1;
    %mov 26, 19, 1;
    %mov 27, 19, 1;
    %mov 28, 19, 1;
    %mov 29, 19, 1;
    %mov 30, 19, 1;
    %mov 31, 19, 1;
    %load/v 32, v0x20b2680_0, 12;
    %mov 44, 43, 1;
    %mov 45, 43, 1;
    %mov 46, 43, 1;
    %mov 47, 43, 1;
    %mov 48, 43, 1;
    %mov 49, 43, 1;
    %mov 50, 43, 1;
    %mov 51, 43, 1;
    %mov 52, 43, 1;
    %mov 53, 43, 1;
    %mov 54, 43, 1;
    %mov 55, 43, 1;
    %mul 8, 32, 24;
    %set/v v0x20b2520_0, 8, 24;
    %jmp T_51;
    .thread T_51, $push;
    .scope S_0x20b20b0;
T_52 ;
    %wait E_0x20b21a0;
    %load/v 8, v0x20b22b0_0, 12;
    %mov 20, 19, 1;
    %mov 21, 19, 1;
    %mov 22, 19, 1;
    %mov 23, 19, 1;
    %mov 24, 19, 1;
    %mov 25, 19, 1;
    %mov 26, 19, 1;
    %mov 27, 19, 1;
    %mov 28, 19, 1;
    %mov 29, 19, 1;
    %mov 30, 19, 1;
    %mov 31, 19, 1;
    %load/v 32, v0x20b2330_0, 12;
    %mov 44, 43, 1;
    %mov 45, 43, 1;
    %mov 46, 43, 1;
    %mov 47, 43, 1;
    %mov 48, 43, 1;
    %mov 49, 43, 1;
    %mov 50, 43, 1;
    %mov 51, 43, 1;
    %mov 52, 43, 1;
    %mov 53, 43, 1;
    %mov 54, 43, 1;
    %mov 55, 43, 1;
    %mul 8, 32, 24;
    %set/v v0x20b21f0_0, 8, 24;
    %jmp T_52;
    .thread T_52, $push;
    .scope S_0x20b1d80;
T_53 ;
    %wait E_0x20b1e70;
    %load/v 8, v0x20b1f60_0, 12;
    %mov 20, 19, 1;
    %mov 21, 19, 1;
    %mov 22, 19, 1;
    %mov 23, 19, 1;
    %mov 24, 19, 1;
    %mov 25, 19, 1;
    %mov 26, 19, 1;
    %mov 27, 19, 1;
    %mov 28, 19, 1;
    %mov 29, 19, 1;
    %mov 30, 19, 1;
    %mov 31, 19, 1;
    %load/v 32, v0x20b2030_0, 12;
    %mov 44, 43, 1;
    %mov 45, 43, 1;
    %mov 46, 43, 1;
    %mov 47, 43, 1;
    %mov 48, 43, 1;
    %mov 49, 43, 1;
    %mov 50, 43, 1;
    %mov 51, 43, 1;
    %mov 52, 43, 1;
    %mov 53, 43, 1;
    %mov 54, 43, 1;
    %mov 55, 43, 1;
    %mul 8, 32, 24;
    %set/v v0x20b1ea0_0, 8, 24;
    %jmp T_53;
    .thread T_53, $push;
    .scope S_0x20b1a20;
T_54 ;
    %wait E_0x20b1b10;
    %load/v 8, v0x20b1c20_0, 12;
    %mov 20, 19, 1;
    %mov 21, 19, 1;
    %mov 22, 19, 1;
    %mov 23, 19, 1;
    %mov 24, 19, 1;
    %mov 25, 19, 1;
    %mov 26, 19, 1;
    %mov 27, 19, 1;
    %mov 28, 19, 1;
    %mov 29, 19, 1;
    %mov 30, 19, 1;
    %mov 31, 19, 1;
    %load/v 32, v0x20b1cd0_0, 12;
    %mov 44, 43, 1;
    %mov 45, 43, 1;
    %mov 46, 43, 1;
    %mov 47, 43, 1;
    %mov 48, 43, 1;
    %mov 49, 43, 1;
    %mov 50, 43, 1;
    %mov 51, 43, 1;
    %mov 52, 43, 1;
    %mov 53, 43, 1;
    %mov 54, 43, 1;
    %mov 55, 43, 1;
    %mul 8, 32, 24;
    %set/v v0x20b1b60_0, 8, 24;
    %jmp T_54;
    .thread T_54, $push;
    .scope S_0x20b16b0;
T_55 ;
    %wait E_0x20b17a0;
    %load/v 8, v0x20b18d0_0, 12;
    %mov 20, 19, 1;
    %mov 21, 19, 1;
    %mov 22, 19, 1;
    %mov 23, 19, 1;
    %mov 24, 19, 1;
    %mov 25, 19, 1;
    %mov 26, 19, 1;
    %mov 27, 19, 1;
    %mov 28, 19, 1;
    %mov 29, 19, 1;
    %mov 30, 19, 1;
    %mov 31, 19, 1;
    %load/v 32, v0x20b1970_0, 12;
    %mov 44, 43, 1;
    %mov 45, 43, 1;
    %mov 46, 43, 1;
    %mov 47, 43, 1;
    %mov 48, 43, 1;
    %mov 49, 43, 1;
    %mov 50, 43, 1;
    %mov 51, 43, 1;
    %mov 52, 43, 1;
    %mov 53, 43, 1;
    %mov 54, 43, 1;
    %mov 55, 43, 1;
    %mul 8, 32, 24;
    %set/v v0x20b1810_0, 8, 24;
    %jmp T_55;
    .thread T_55, $push;
    .scope S_0x20b13a0;
T_56 ;
    %wait E_0x20b0f60;
    %load/v 8, v0x20b1590_0, 12;
    %mov 20, 19, 1;
    %mov 21, 19, 1;
    %mov 22, 19, 1;
    %mov 23, 19, 1;
    %mov 24, 19, 1;
    %mov 25, 19, 1;
    %mov 26, 19, 1;
    %mov 27, 19, 1;
    %mov 28, 19, 1;
    %mov 29, 19, 1;
    %mov 30, 19, 1;
    %mov 31, 19, 1;
    %load/v 32, v0x20b1610_0, 12;
    %mov 44, 43, 1;
    %mov 45, 43, 1;
    %mov 46, 43, 1;
    %mov 47, 43, 1;
    %mov 48, 43, 1;
    %mov 49, 43, 1;
    %mov 50, 43, 1;
    %mov 51, 43, 1;
    %mov 52, 43, 1;
    %mov 53, 43, 1;
    %mov 54, 43, 1;
    %mov 55, 43, 1;
    %mul 8, 32, 24;
    %set/v v0x20b14d0_0, 8, 24;
    %jmp T_56;
    .thread T_56, $push;
    .scope S_0x20b1010;
T_57 ;
    %wait E_0x20b1100;
    %load/v 8, v0x20b1230_0, 12;
    %mov 20, 19, 1;
    %mov 21, 19, 1;
    %mov 22, 19, 1;
    %mov 23, 19, 1;
    %mov 24, 19, 1;
    %mov 25, 19, 1;
    %mov 26, 19, 1;
    %mov 27, 19, 1;
    %mov 28, 19, 1;
    %mov 29, 19, 1;
    %mov 30, 19, 1;
    %mov 31, 19, 1;
    %load/v 32, v0x20b1300_0, 12;
    %mov 44, 43, 1;
    %mov 45, 43, 1;
    %mov 46, 43, 1;
    %mov 47, 43, 1;
    %mov 48, 43, 1;
    %mov 49, 43, 1;
    %mov 50, 43, 1;
    %mov 51, 43, 1;
    %mov 52, 43, 1;
    %mov 53, 43, 1;
    %mov 54, 43, 1;
    %mov 55, 43, 1;
    %mul 8, 32, 24;
    %set/v v0x20b1170_0, 8, 24;
    %jmp T_57;
    .thread T_57, $push;
    .scope S_0x20b0cc0;
T_58 ;
    %wait E_0x20b0db0;
    %load/v 8, v0x20b0ee0_0, 12;
    %mov 20, 19, 1;
    %mov 21, 19, 1;
    %mov 22, 19, 1;
    %mov 23, 19, 1;
    %mov 24, 19, 1;
    %mov 25, 19, 1;
    %mov 26, 19, 1;
    %mov 27, 19, 1;
    %mov 28, 19, 1;
    %mov 29, 19, 1;
    %mov 30, 19, 1;
    %mov 31, 19, 1;
    %load/v 32, v0x20b0f90_0, 12;
    %mov 44, 43, 1;
    %mov 45, 43, 1;
    %mov 46, 43, 1;
    %mov 47, 43, 1;
    %mov 48, 43, 1;
    %mov 49, 43, 1;
    %mov 50, 43, 1;
    %mov 51, 43, 1;
    %mov 52, 43, 1;
    %mov 53, 43, 1;
    %mov 54, 43, 1;
    %mov 55, 43, 1;
    %mul 8, 32, 24;
    %set/v v0x20b0e20_0, 8, 24;
    %jmp T_58;
    .thread T_58, $push;
    .scope S_0x20163c0;
T_59 ;
    %wait E_0x1ffcb10;
    %load/v 8, v0x20b0b80_0, 12;
    %mov 20, 19, 1;
    %mov 21, 19, 1;
    %mov 22, 19, 1;
    %mov 23, 19, 1;
    %mov 24, 19, 1;
    %mov 25, 19, 1;
    %mov 26, 19, 1;
    %mov 27, 19, 1;
    %mov 28, 19, 1;
    %mov 29, 19, 1;
    %mov 30, 19, 1;
    %mov 31, 19, 1;
    %load/v 32, v0x20b0c20_0, 12;
    %mov 44, 43, 1;
    %mov 45, 43, 1;
    %mov 46, 43, 1;
    %mov 47, 43, 1;
    %mov 48, 43, 1;
    %mov 49, 43, 1;
    %mov 50, 43, 1;
    %mov 51, 43, 1;
    %mov 52, 43, 1;
    %mov 53, 43, 1;
    %mov 54, 43, 1;
    %mov 55, 43, 1;
    %mul 8, 32, 24;
    %set/v v0x201f280_0, 8, 24;
    %jmp T_59;
    .thread T_59, $push;
    .scope S_0x2078190;
T_60 ;
    %wait E_0x1ffc5d0;
    %load/v 8, v0x20bb590_0, 12;
    %load/v 20, v0x20bb110_0, 12;
    %load/v 32, v0x20bb090_0, 12;
    %load/v 44, v0x20bb010_0, 12;
    %load/v 56, v0x20baf90_0, 12;
    %load/v 68, v0x20baf10_0, 12;
    %load/v 80, v0x20bae90_0, 12;
    %load/v 92, v0x20bb1b0_0, 12;
    %ix/load 0, 12, 0;
    %assign/v0 v0x20b8d20_0, 0, 8;
    %ix/load 0, 12, 0;
    %assign/v0 v0x20b8ca0_0, 0, 20;
    %ix/load 0, 12, 0;
    %assign/v0 v0x20b8e90_0, 0, 32;
    %ix/load 0, 12, 0;
    %assign/v0 v0x20b8e10_0, 0, 44;
    %ix/load 0, 12, 0;
    %assign/v0 v0x20b8aa0_0, 0, 56;
    %ix/load 0, 12, 0;
    %assign/v0 v0x20b8a20_0, 0, 68;
    %ix/load 0, 12, 0;
    %assign/v0 v0x20b8c20_0, 0, 80;
    %ix/load 0, 12, 0;
    %assign/v0 v0x20b8ba0_0, 0, 92;
    %jmp T_60;
    .thread T_60;
    .scope S_0x208ed00;
T_61 ;
    %wait E_0x1ffc5d0;
    %load/v 8, v0x20c8f50_0, 1;
    %ix/load 0, 1, 0;
    %assign/v0 v0x20c8470_0, 0, 8;
    %jmp T_61;
    .thread T_61;
    .scope S_0x208ed00;
T_62 ;
    %wait E_0x2077c10;
    %load/v 8, v0x20c8470_0, 1;
    %cmpi/u 8, 0, 1;
    %jmp/1 T_62.0, 6;
    %set/v v0x20c7180_0, 0, 12;
    %set/v v0x20c7250_0, 0, 12;
    %set/v v0x20c7320_0, 0, 12;
    %set/v v0x20c73f0_0, 0, 12;
    %set/v v0x20c74c0_0, 0, 12;
    %set/v v0x20c7590_0, 0, 12;
    %set/v v0x20c7660_0, 0, 12;
    %set/v v0x20c7730_0, 0, 12;
    %jmp T_62.2;
T_62.0 ;
    %load/v 8, v0x20c83a0_0, 12;
    %set/v v0x20c7180_0, 8, 12;
    %load/v 8, v0x20c85d0_0, 12;
    %set/v v0x20c7250_0, 8, 12;
    %load/v 8, v0x20c84f0_0, 12;
    %set/v v0x20c7320_0, 8, 12;
    %load/v 8, v0x20c8740_0, 12;
    %set/v v0x20c73f0_0, 8, 12;
    %load/v 8, v0x20c8650_0, 12;
    %set/v v0x20c74c0_0, 8, 12;
    %load/v 8, v0x20c88c0_0, 12;
    %set/v v0x20c7590_0, 8, 12;
    %load/v 8, v0x20c87c0_0, 12;
    %set/v v0x20c7660_0, 8, 12;
    %load/v 8, v0x20c8840_0, 12;
    %set/v v0x20c7730_0, 8, 12;
    %jmp T_62.2;
T_62.2 ;
    %jmp T_62;
    .thread T_62, $push;
    .scope S_0x2039190;
T_63 ;
    %vpi_call 2 11 "$monitor", $time, "Output= %d %d %d %d %d %d %d %d", v0x20c9690_0, v0x20c9710_0, v0x20c9790_0, v0x20c9860_0, v0x20c9930_0, v0x20c9a00_0, v0x20c9b50_0, v0x20c9c20_0;
    %end;
    .thread T_63;
    .scope S_0x2039190;
T_64 ;
    %delay 5, 0;
    %load/v 8, v0x20c9a80_0, 1;
    %inv 8, 1;
    %set/v v0x20c9a80_0, 8, 1;
    %jmp T_64;
    .thread T_64;
    .scope S_0x2039190;
T_65 ;
    %set/v v0x20c9a80_0, 0, 1;
    %set/v v0x20c9e10_0, 1, 1;
    %set/v v0x20c9ca0_0, 0, 1;
    %set/v v0x20c9f30_0, 0, 1;
    %delay 10, 0;
    %set/v v0x20c9e10_0, 0, 1;
    %set/v v0x20c9ca0_0, 1, 1;
    %movi 8, 154, 12;
    %set/v v0x20c9290_0, 8, 12;
    %movi 8, 123, 12;
    %set/v v0x20c9310_0, 8, 12;
    %movi 8, 123, 12;
    %set/v v0x20c9390_0, 8, 12;
    %movi 8, 723, 12;
    %set/v v0x20c9410_0, 8, 12;
    %movi 8, 123, 12;
    %set/v v0x20c9490_0, 8, 12;
    %movi 8, 123, 12;
    %set/v v0x20c9510_0, 8, 12;
    %movi 8, 123, 12;
    %set/v v0x20c9590_0, 8, 12;
    %movi 8, 136, 12;
    %set/v v0x20c9610_0, 8, 12;
    %delay 10, 0;
    %movi 8, 192, 12;
    %set/v v0x20c9290_0, 8, 12;
    %movi 8, 180, 12;
    %set/v v0x20c9310_0, 8, 12;
    %movi 8, 136, 12;
    %set/v v0x20c9390_0, 8, 12;
    %movi 8, 154, 12;
    %set/v v0x20c9410_0, 8, 12;
    %movi 8, 154, 12;
    %set/v v0x20c9490_0, 8, 12;
    %movi 8, 154, 12;
    %set/v v0x20c9510_0, 8, 12;
    %movi 8, 136, 12;
    %set/v v0x20c9590_0, 8, 12;
    %movi 8, 110, 12;
    %set/v v0x20c9610_0, 8, 12;
    %delay 10, 0;
    %movi 8, 254, 12;
    %set/v v0x20c9290_0, 8, 12;
    %movi 8, 198, 12;
    %set/v v0x20c9310_0, 8, 12;
    %movi 8, 154, 12;
    %set/v v0x20c9390_0, 8, 12;
    %movi 8, 154, 12;
    %set/v v0x20c9410_0, 8, 12;
    %movi 8, 180, 12;
    %set/v v0x20c9490_0, 8, 12;
    %movi 8, 154, 12;
    %set/v v0x20c9510_0, 8, 12;
    %movi 8, 123, 12;
    %set/v v0x20c9590_0, 8, 12;
    %movi 8, 123, 12;
    %set/v v0x20c9610_0, 8, 12;
    %delay 10, 0;
    %movi 8, 239, 12;
    %set/v v0x20c9290_0, 8, 12;
    %movi 8, 180, 12;
    %set/v v0x20c9310_0, 8, 12;
    %movi 8, 136, 12;
    %set/v v0x20c9390_0, 8, 12;
    %movi 8, 180, 12;
    %set/v v0x20c9410_0, 8, 12;
    %movi 8, 180, 12;
    %set/v v0x20c9490_0, 8, 12;
    %movi 8, 166, 12;
    %set/v v0x20c9510_0, 8, 12;
    %movi 8, 123, 12;
    %set/v v0x20c9590_0, 8, 12;
    %movi 8, 123, 12;
    %set/v v0x20c9610_0, 8, 12;
    %delay 10, 0;
    %movi 8, 180, 12;
    %set/v v0x20c9290_0, 8, 12;
    %movi 8, 154, 12;
    %set/v v0x20c9310_0, 8, 12;
    %movi 8, 136, 12;
    %set/v v0x20c9390_0, 8, 12;
    %movi 8, 167, 12;
    %set/v v0x20c9410_0, 8, 12;
    %movi 8, 166, 12;
    %set/v v0x20c9490_0, 8, 12;
    %movi 8, 149, 12;
    %set/v v0x20c9510_0, 8, 12;
    %movi 8, 136, 12;
    %set/v v0x20c9590_0, 8, 12;
    %movi 8, 136, 12;
    %set/v v0x20c9610_0, 8, 12;
    %delay 10, 0;
    %movi 8, 128, 12;
    %set/v v0x20c9290_0, 8, 12;
    %movi 8, 136, 12;
    %set/v v0x20c9310_0, 8, 12;
    %movi 8, 123, 12;
    %set/v v0x20c9390_0, 8, 12;
    %movi 8, 136, 12;
    %set/v v0x20c9410_0, 8, 12;
    %movi 8, 154, 12;
    %set/v v0x20c9490_0, 8, 12;
    %movi 8, 180, 12;
    %set/v v0x20c9510_0, 8, 12;
    %movi 8, 198, 12;
    %set/v v0x20c9590_0, 8, 12;
    %movi 8, 154, 12;
    %set/v v0x20c9610_0, 8, 12;
    %delay 10, 0;
    %movi 8, 123, 12;
    %set/v v0x20c9290_0, 8, 12;
    %movi 8, 105, 12;
    %set/v v0x20c9310_0, 8, 12;
    %movi 8, 110, 12;
    %set/v v0x20c9390_0, 8, 12;
    %movi 8, 149, 12;
    %set/v v0x20c9410_0, 8, 12;
    %movi 8, 136, 12;
    %set/v v0x20c9490_0, 8, 12;
    %movi 8, 136, 12;
    %set/v v0x20c9510_0, 8, 12;
    %movi 8, 180, 12;
    %set/v v0x20c9590_0, 8, 12;
    %movi 8, 166, 12;
    %set/v v0x20c9610_0, 8, 12;
    %delay 10, 0;
    %movi 8, 110, 12;
    %set/v v0x20c9290_0, 8, 12;
    %movi 8, 136, 12;
    %set/v v0x20c9310_0, 8, 12;
    %movi 8, 123, 12;
    %set/v v0x20c9390_0, 8, 12;
    %movi 8, 123, 12;
    %set/v v0x20c9410_0, 8, 12;
    %movi 8, 123, 12;
    %set/v v0x20c9490_0, 8, 12;
    %movi 8, 136, 12;
    %set/v v0x20c9510_0, 8, 12;
    %movi 8, 154, 12;
    %set/v v0x20c9590_0, 8, 12;
    %movi 8, 136, 12;
    %set/v v0x20c9610_0, 8, 12;
    %delay 10, 0;
    %set/v v0x20c9ca0_0, 0, 1;
    %set/v v0x20c9f30_0, 1, 1;
    %delay 200, 0;
    %vpi_call 2 31 "$finish";
    %end;
    .thread T_65;
# The file index is used to find the file name in the following table.
:file_names 6;
    "N/A";
    "<interactive>";
    "testbench.sv";
    "design.sv";
    "./DCT.v";
    "./register_file.v";
